Log file open, 11/30/18 10:10:01
LogWindows: Failed to load 'aqProf.dll' (GetLastError=126)
LogWindows: File 'aqProf.dll' does not exist
LogWindows: Failed to load 'VtuneApi.dll' (GetLastError=126)
LogWindows: File 'VtuneApi.dll' does not exist
LogWindows: Failed to load 'VtuneApi32e.dll' (GetLastError=126)
LogWindows: File 'VtuneApi32e.dll' does not exist
LogInit: Display: Running engine for game: MyProject
LogPlatformFile: Not using cached read wrapper
LogInit: Display: RandInit(-1651597823) SRandInit(-1651597823).
LogInit: Read version file with build ID '3944462'
LogInit: Overriding engine version to CL 4033788, compatible CL 3944462
LogInit: Registered custom module enumerator with build ID '3944462'
LogTaskGraph: Started task graph with 5 named threads and 35 total threads with 3 sets of task threads.
LogStats: Stats thread started at 0.405053
LogD3D11RHI: Aftermath initialized
LogICUInternationalization: Display: ICU TimeZone Detection - Raw Offset: +0:00, Platform Override: ''
LogModuleManager: Display: Found up-to-date module file ../../../Engine/Plugins/2D/Paper2D/Binaries/Win64/UE4Editor-Paper2D.dll (API version 3944462).
LogModuleManager: Display: Found up-to-date module file ../../../Engine/Plugins/2D/Paper2D/Binaries/Win64/UE4Editor-Paper2DEditor.dll (API version 3944462).
LogModuleManager: Display: Found up-to-date module file ../../../Engine/Plugins/2D/Paper2D/Binaries/Win64/UE4Editor-PaperSpriteSheetImporter.dll (API version 3944462).
LogModuleManager: Display: Found up-to-date module file ../../../Engine/Plugins/2D/Paper2D/Binaries/Win64/UE4Editor-PaperTiledImporter.dll (API version 3944462).
LogModuleManager: Display: Found up-to-date module file ../../../Engine/Plugins/2D/Paper2D/Binaries/Win64/UE4Editor-SmartSnapping.dll (API version 3944462).
LogModuleManager: Display: Found up-to-date module file ../../../Engine/Plugins/Blendables/LightPropagationVolume/Binaries/Win64/UE4Editor-LightPropagationVolumeRuntime.dll (API version 3944462).
LogModuleManager: Display: Found up-to-date module file ../../../Engine/Plugins/Blendables/LightPropagationVolume/Binaries/Win64/UE4Editor-LightPropagationVolumeEditor.dll (API version 3944462).
LogModuleManager: Display: Found up-to-date module file ../../../Engine/Plugins/Developer/CLionSourceCodeAccess/Binaries/Win64/UE4Editor-CLionSourceCodeAccess.dll (API version 3944462).
LogModuleManager: Display: Found up-to-date module file ../../../Engine/Plugins/Developer/GitSourceControl/Binaries/Win64/UE4Editor-GitSourceControl.dll (API version 3944462).
LogModuleManager: Display: Found up-to-date module file ../../../Engine/Plugins/Developer/PerforceSourceControl/Binaries/Win64/UE4Editor-PerforceSourceControl.dll (API version 3944462).
LogModuleManager: Display: Found up-to-date module file ../../../Engine/Plugins/Developer/SubversionSourceControl/Binaries/Win64/UE4Editor-SubversionSourceControl.dll (API version 3944462).
LogModuleManager: Display: Found up-to-date module file ../../../Engine/Plugins/Developer/UObjectPlugin/Binaries/Win64/UE4Editor-UObjectPlugin.dll (API version 3944462).
LogModuleManager: Display: Found up-to-date module file ../../../Engine/Plugins/Developer/VisualStudioCodeSourceCodeAccess/Binaries/Win64/UE4Editor-VisualStudioCodeSourceCodeAccess.dll (API version 3944462).
LogModuleManager: Display: Found up-to-date module file ../../../Engine/Plugins/Developer/VisualStudioSourceCodeAccess/Binaries/Win64/UE4Editor-VisualStudioSourceCodeAccess.dll (API version 3944462).
LogModuleManager: Display: Found up-to-date module file ../../../Engine/Plugins/Editor/AssetManagerEditor/Binaries/Win64/UE4Editor-AssetManagerEditor.dll (API version 3944462).
LogModuleManager: Display: Found up-to-date module file ../../../Engine/Plugins/Editor/CryptoKeys/Binaries/Win64/UE4Editor-CryptoKeys.dll (API version 3944462).
LogModuleManager: Display: Found up-to-date module file ../../../Engine/Plugins/Editor/CryptoKeys/Binaries/Win64/UE4Editor-CryptoKeysOpenSSL.dll (API version 3944462).
LogModuleManager: Display: Found up-to-date module file ../../../Engine/Plugins/Editor/DataValidation/Binaries/Win64/UE4Editor-DataValidation.dll (API version 3944462).
LogModuleManager: Display: Found up-to-date module file ../../../Engine/Plugins/Editor/FacialAnimation/Binaries/Win64/UE4Editor-FacialAnimation.dll (API version 3944462).
LogModuleManager: Display: Found up-to-date module file ../../../Engine/Plugins/Editor/FacialAnimation/Binaries/Win64/UE4Editor-FacialAnimationEditor.dll (API version 3944462).
LogModuleManager: Display: Found up-to-date module file ../../../Engine/Plugins/Editor/GameplayTagsEditor/Binaries/Win64/UE4Editor-GameplayTagsEditor.dll (API version 3944462).
LogModuleManager: Display: Found up-to-date module file ../../../Engine/Plugins/Editor/MobileLauncherProfileWizard/Binaries/Win64/UE4Editor-MobileLauncherProfileWizard.dll (API version 3944462).
LogModuleManager: Display: Found up-to-date module file ../../../Engine/Plugins/Editor/PluginBrowser/Binaries/Win64/UE4Editor-PluginBrowser.dll (API version 3944462).
LogModuleManager: Display: Found up-to-date module file ../../../Engine/Plugins/Editor/SpeedTreeImporter/Binaries/Win64/UE4Editor-SpeedTreeImporter.dll (API version 3944462).
LogModuleManager: Display: Found up-to-date module file ../../../Engine/Plugins/Enterprise/DatasmithContent/Binaries/Win64/UE4Editor-DatasmithContent.dll (API version 3944462).
LogModuleManager: Display: Found up-to-date module file ../../../Engine/Plugins/Experimental/AlembicImporter/Binaries/Win64/UE4Editor-AlembicImporter.dll (API version 3944462).
LogModuleManager: Display: Found up-to-date module file ../../../Engine/Plugins/Experimental/AlembicImporter/Binaries/Win64/UE4Editor-AlembicLibrary.dll (API version 3944462).
LogModuleManager: Display: Found up-to-date module file ../../../Engine/Plugins/Experimental/CharacterAI/Binaries/Win64/UE4Editor-CharacterAI.dll (API version 3944462).
LogModuleManager: Display: Found up-to-date module file ../../../Engine/Plugins/Experimental/HTML5Networking/Binaries/Win64/UE4Editor-HTML5Networking.dll (API version 3944462).
LogModuleManager: Display: Found up-to-date module file ../../../Engine/Plugins/Media/AndroidMedia/Binaries/Win64/UE4Editor-AndroidMediaEditor.dll (API version 3944462).
LogModuleManager: Display: Found up-to-date module file ../../../Engine/Plugins/Media/AndroidMedia/Binaries/Win64/UE4Editor-AndroidMediaFactory.dll (API version 3944462).
LogModuleManager: Display: Found up-to-date module file ../../../Engine/Plugins/Media/AvfMedia/Binaries/Win64/UE4Editor-AvfMediaEditor.dll (API version 3944462).
LogModuleManager: Display: Found up-to-date module file ../../../Engine/Plugins/Media/AvfMedia/Binaries/Win64/UE4Editor-AvfMediaFactory.dll (API version 3944462).
LogModuleManager: Display: Found up-to-date module file ../../../Engine/Plugins/Media/AvfMedia/Binaries/Win64/UE4Editor-AvfMediaFactory.dll (API version 3944462).
LogModuleManager: Display: Found up-to-date module file ../../../Engine/Plugins/Media/ImgMedia/Binaries/Win64/UE4Editor-ImgMedia.dll (API version 3944462).
LogModuleManager: Display: Found up-to-date module file ../../../Engine/Plugins/Media/ImgMedia/Binaries/Win64/UE4Editor-ImgMediaEditor.dll (API version 3944462).
LogModuleManager: Display: Found up-to-date module file ../../../Engine/Plugins/Media/ImgMedia/Binaries/Win64/UE4Editor-ImgMediaFactory.dll (API version 3944462).
LogModuleManager: Display: Found up-to-date module file ../../../Engine/Plugins/Media/ImgMedia/Binaries/Win64/UE4Editor-ImgMediaFactory.dll (API version 3944462).
LogModuleManager: Display: Found up-to-date module file ../../../Engine/Plugins/Media/ImgMedia/Binaries/Win64/UE4Editor-OpenExrWrapper.dll (API version 3944462).
LogModuleManager: Display: Found up-to-date module file ../../../Engine/Plugins/Media/LinearTimecode/Binaries/Win64/UE4Editor-LinearTimecode.dll (API version 3944462).
LogModuleManager: Display: Found up-to-date module file ../../../Engine/Plugins/Media/MediaCompositing/Binaries/Win64/UE4Editor-MediaCompositing.dll (API version 3944462).
LogModuleManager: Display: Found up-to-date module file ../../../Engine/Plugins/Media/MediaCompositing/Binaries/Win64/UE4Editor-MediaCompositingEditor.dll (API version 3944462).
LogModuleManager: Display: Found up-to-date module file ../../../Engine/Plugins/Media/MediaPlayerEditor/Binaries/Win64/UE4Editor-MediaPlayerEditor.dll (API version 3944462).
LogModuleManager: Display: Found up-to-date module file ../../../Engine/Plugins/Media/WmfMedia/Binaries/Win64/UE4Editor-WmfMedia.dll (API version 3944462).
LogModuleManager: Display: Found up-to-date module file ../../../Engine/Plugins/Media/WmfMedia/Binaries/Win64/UE4Editor-WmfMediaEditor.dll (API version 3944462).
LogModuleManager: Display: Found up-to-date module file ../../../Engine/Plugins/Media/WmfMedia/Binaries/Win64/UE4Editor-WmfMediaFactory.dll (API version 3944462).
LogModuleManager: Display: Found up-to-date module file ../../../Engine/Plugins/Media/WmfMedia/Binaries/Win64/UE4Editor-WmfMediaFactory.dll (API version 3944462).
LogModuleManager: Display: Found up-to-date module file ../../../Engine/Plugins/Messaging/TcpMessaging/Binaries/Win64/UE4Editor-TcpMessaging.dll (API version 3944462).
LogModuleManager: Display: Found up-to-date module file ../../../Engine/Plugins/Messaging/UdpMessaging/Binaries/Win64/UE4Editor-UdpMessaging.dll (API version 3944462).
LogModuleManager: Display: Found up-to-date module file ../../../Engine/Plugins/MovieScene/ActorSequence/Binaries/Win64/UE4Editor-ActorSequence.dll (API version 3944462).
LogModuleManager: Display: Found up-to-date module file ../../../Engine/Plugins/MovieScene/LevelSequenceEditor/Binaries/Win64/UE4Editor-LevelSequenceEditor.dll (API version 3944462).
LogModuleManager: Display: Found up-to-date module file ../../../Engine/Plugins/MovieScene/MatineeToLevelSequence/Binaries/Win64/UE4Editor-MatineeToLevelSequence.dll (API version 3944462).
LogModuleManager: Display: Found up-to-date module file ../../../Engine/Plugins/NetcodeUnitTest/NetcodeUnitTest/Binaries/Win64/UE4Editor-NetcodeUnitTest.dll (API version 3944462).
LogModuleManager: Display: Found up-to-date module file ../../../Engine/Plugins/NetcodeUnitTest/NUTUnrealEngine4/Binaries/Win64/UE4Editor-NUTUnrealEngine4.dll (API version 3944462).
LogModuleManager: Display: Found up-to-date module file ../../../Engine/Plugins/Online/OnlineSubsystem/Binaries/Win64/UE4Editor-OnlineSubsystem.dll (API version 3944462).
LogModuleManager: Display: Found up-to-date module file ../../../Engine/Plugins/Runtime/AndroidPermission/Binaries/Win64/UE4Editor-AndroidPermission.dll (API version 3944462).
LogModuleManager: Display: Found up-to-date module file ../../../Engine/Plugins/Online/OnlineSubsystemNull/Binaries/Win64/UE4Editor-OnlineSubsystemNull.dll (API version 3944462).
LogModuleManager: Display: Found up-to-date module file ../../../Engine/Plugins/Online/OnlineSubsystemUtils/Binaries/Win64/UE4Editor-OnlineSubsystemUtils.dll (API version 3944462).
LogModuleManager: Display: Found up-to-date module file ../../../Engine/Plugins/Online/OnlineSubsystemUtils/Binaries/Win64/UE4Editor-OnlineBlueprintSupport.dll (API version 3944462).
LogModuleManager: Display: Found up-to-date module file ../../../Engine/Plugins/Runtime/AndroidDeviceProfileSelector/Binaries/Win64/UE4Editor-AndroidDeviceProfileSelector.dll (API version 3944462).
LogModuleManager: Display: Found up-to-date module file ../../../Engine/Plugins/Runtime/AppleARKit/Binaries/Win64/UE4Editor-AppleARKit.dll (API version 3944462).
LogModuleManager: Display: Found up-to-date module file ../../../Engine/Plugins/Runtime/ProceduralMeshComponent/Binaries/Win64/UE4Editor-ProceduralMeshComponent.dll (API version 3944462).
LogModuleManager: Display: Found up-to-date module file ../../../Engine/Plugins/Runtime/ProceduralMeshComponent/Binaries/Win64/UE4Editor-ProceduralMeshComponentEditor.dll (API version 3944462).
LogModuleManager: Display: Found up-to-date module file ../../../Engine/Plugins/Animation/LiveLink/Binaries/Win64/UE4Editor-LiveLink.dll (API version 3944462).
LogModuleManager: Display: Found up-to-date module file ../../../Engine/Plugins/Animation/LiveLink/Binaries/Win64/UE4Editor-LiveLinkEditor.dll (API version 3944462).
LogModuleManager: Display: Found up-to-date module file ../../../Engine/Plugins/Runtime/ArchVisCharacter/Binaries/Win64/UE4Editor-ArchVisCharacter.dll (API version 3944462).
LogModuleManager: Display: Found up-to-date module file ../../../Engine/Plugins/Runtime/AudioCapture/Binaries/Win64/UE4Editor-AudioCapture.dll (API version 3944462).
LogModuleManager: Display: Found up-to-date module file ../../../Engine/Plugins/Runtime/AudioCapture/Binaries/Win64/UE4Editor-AudioCaptureEditor.dll (API version 3944462).
LogModuleManager: Display: Found up-to-date module file ../../../Engine/Plugins/Runtime/CableComponent/Binaries/Win64/UE4Editor-CableComponent.dll (API version 3944462).
LogModuleManager: Display: Found up-to-date module file ../../../Engine/Plugins/Runtime/CustomMeshComponent/Binaries/Win64/UE4Editor-CustomMeshComponent.dll (API version 3944462).
LogModuleManager: Display: Found up-to-date module file ../../../Engine/Plugins/Runtime/ExampleDeviceProfileSelector/Binaries/Win64/UE4Editor-ExampleDeviceProfileSelector.dll (API version 3944462).
LogModuleManager: Display: Found up-to-date module file ../../../Engine/Plugins/Runtime/ImmediatePhysics/Binaries/Win64/UE4Editor-ImmediatePhysics.dll (API version 3944462).
LogModuleManager: Display: Found up-to-date module file ../../../Engine/Plugins/Runtime/ImmediatePhysics/Binaries/Win64/UE4Editor-ImmediatePhysicsEditor.dll (API version 3944462).
LogModuleManager: Display: Found up-to-date module file ../../../Engine/Plugins/Runtime/LocationServicesBPLibrary/Binaries/Win64/UE4Editor-LocationServicesBPLibrary.dll (API version 3944462).
LogModuleManager: Display: Found up-to-date module file ../../../Engine/Plugins/Runtime/MobilePatchingUtils/Binaries/Win64/UE4Editor-MobilePatchingUtils.dll (API version 3944462).
LogModuleManager: Display: Found up-to-date module file ../../../Engine/Plugins/Runtime/Oculus/OculusVR/Binaries/Win64/UE4Editor-OculusHMD.dll (API version 3944462).
LogModuleManager: Display: Found up-to-date module file ../../../Engine/Plugins/Runtime/Oculus/OculusVR/Binaries/Win64/UE4Editor-OculusInput.dll (API version 3944462).
LogModuleManager: Display: Found up-to-date module file ../../../Engine/Plugins/Runtime/Oculus/OculusVR/Binaries/Win64/UE4Editor-OculusEditor.dll (API version 3944462).
LogModuleManager: Display: Found up-to-date module file ../../../Engine/Plugins/Runtime/PhysXVehicles/Binaries/Win64/UE4Editor-PhysXVehicles.dll (API version 3944462).
LogModuleManager: Display: Found up-to-date module file ../../../Engine/Plugins/Runtime/PhysXVehicles/Binaries/Win64/UE4Editor-PhysXVehiclesEditor.dll (API version 3944462).
LogModuleManager: Display: Found up-to-date module file ../../../Engine/Plugins/Runtime/RuntimePhysXCooking/Binaries/Win64/UE4Editor-RuntimePhysXCooking.dll (API version 3944462).
LogModuleManager: Display: Found up-to-date module file ../../../Engine/Plugins/Runtime/Steam/SteamVR/Binaries/Win64/UE4Editor-SteamVR.dll (API version 3944462).
LogModuleManager: Display: Found up-to-date module file ../../../Engine/Plugins/Runtime/Steam/SteamVR/Binaries/Win64/UE4Editor-SteamVRController.dll (API version 3944462).
LogModuleManager: Display: Found up-to-date module file ../../../Engine/Plugins/Runtime/WindowsMoviePlayer/Binaries/Win64/UE4Editor-WindowsMoviePlayer.dll (API version 3944462).
LogPluginManager: Mounting plugin Paper2D
LogPluginManager: Mounting plugin LiveLink
LogPluginManager: Mounting plugin LightPropagationVolume
LogPluginManager: Mounting plugin CLionSourceCodeAccess
LogPluginManager: Mounting plugin CodeLiteSourceCodeAccess
LogPluginManager: Mounting plugin GitSourceControl
LogPluginManager: Mounting plugin KDevelopSourceCodeAccess
LogPluginManager: Mounting plugin NullSourceCodeAccess
LogPluginManager: Mounting plugin PerforceSourceControl
LogPluginManager: Mounting plugin SubversionSourceControl
LogPluginManager: Mounting plugin UObjectPlugin
LogPluginManager: Mounting plugin VisualStudioCodeSourceCodeAccess
LogPluginManager: Mounting plugin VisualStudioSourceCodeAccess
LogPluginManager: Mounting plugin XCodeSourceCodeAccess
LogPluginManager: Mounting plugin AssetManagerEditor
LogPluginManager: Mounting plugin CryptoKeys
LogPluginManager: Mounting plugin DataValidation
LogPluginManager: Mounting plugin FacialAnimation
LogPluginManager: Mounting plugin GameplayTagsEditor
LogPluginManager: Mounting plugin MobileLauncherProfileWizard
LogPluginManager: Mounting plugin PluginBrowser
LogPluginManager: Mounting plugin SpeedTreeImporter
LogPluginManager: Mounting plugin DatasmithContent
LogPluginManager: Mounting plugin AlembicImporter
LogPluginManager: Mounting plugin CharacterAI
LogPluginManager: Mounting plugin HTML5Networking
LogPluginManager: Mounting plugin AndroidMedia
LogPluginManager: Mounting plugin AvfMedia
LogPluginManager: Mounting plugin ImgMedia
LogPluginManager: Mounting plugin LinearTimecode
LogPluginManager: Mounting plugin MediaCompositing
LogPluginManager: Mounting plugin MediaPlayerEditor
LogPluginManager: Mounting plugin WmfMedia
LogPluginManager: Mounting plugin TcpMessaging
LogPluginManager: Mounting plugin UdpMessaging
LogPluginManager: Mounting plugin ActorSequence
LogPluginManager: Mounting plugin LevelSequenceEditor
LogPluginManager: Mounting plugin MatineeToLevelSequence
LogPluginManager: Mounting plugin NetcodeUnitTest
LogPluginManager: Mounting plugin NUTUnrealEngine4
LogPluginManager: Mounting plugin OnlineSubsystemGooglePlay
LogPluginManager: Mounting plugin OnlineSubsystemIOS
LogPluginManager: Mounting plugin OnlineSubsystem
LogPluginManager: Mounting plugin OnlineSubsystemNull
LogPluginManager: Mounting plugin OnlineSubsystemUtils
LogPluginManager: Mounting plugin AndroidDeviceProfileSelector
LogPluginManager: Mounting plugin AndroidMoviePlayer
LogPluginManager: Mounting plugin AndroidPermission
LogPluginManager: Mounting plugin AppleARKit
LogPluginManager: Mounting plugin AppleMoviePlayer
LogPluginManager: Mounting plugin ArchVisCharacter
LogPluginManager: Mounting plugin AudioCapture
LogPluginManager: Mounting plugin CableComponent
LogPluginManager: Mounting plugin CustomMeshComponent
LogPluginManager: Mounting plugin ExampleDeviceProfileSelector
LogPluginManager: Mounting plugin GoogleCloudMessaging
LogPluginManager: Mounting plugin ImmediatePhysics
LogPluginManager: Mounting plugin IOSDeviceProfileSelector
LogPluginManager: Mounting plugin LinuxDeviceProfileSelector
LogPluginManager: Mounting plugin LocationServicesBPLibrary
LogPluginManager: Mounting plugin MobilePatchingUtils
LogPluginManager: Mounting plugin OculusVR
LogPluginManager: Plugin shader directory ../../../Engine/Plugins/Runtime/Oculus/OculusVR/Shaders found
LogPluginManager: Mapping shader source directory ../../../Engine/Plugins/Runtime/Oculus/OculusVR/Shaders to virtual directory /Plugin/OculusVR
LogPluginManager: Mounting plugin PhysXVehicles
LogPluginManager: Mounting plugin ProceduralMeshComponent
LogPluginManager: Mounting plugin RuntimePhysXCooking
LogPluginManager: Mounting plugin SteamVR
LogPluginManager: Mounting plugin WindowsMoviePlayer
LogStreaming: Display: Took  1.664s to configure plugins.
LogInit: Using libcurl 7.47.1
LogInit:  - built for x86_64-pc-win32
LogInit:  - supports SSL with OpenSSL/1.0.2g
LogInit:  - supports HTTP deflate (compression) using libz 1.2.8
LogInit:  - other features:
LogInit:      CURL_VERSION_SSL
LogInit:      CURL_VERSION_LIBZ
LogInit:      CURL_VERSION_IPV6
LogInit:      CURL_VERSION_ASYNCHDNS
LogInit:      CURL_VERSION_LARGEFILE
LogInit:      CURL_VERSION_IDN
LogInit:  CurlRequestOptions (configurable via config and command line):
LogInit:  - bVerifyPeer = false  - Libcurl will NOT verify peer certificate
LogInit:  - bUseHttpProxy = false  - Libcurl will NOT use HTTP proxy
LogInit:  - bDontReuseConnections = false  - Libcurl will reuse connections
LogInit:  - CertBundlePath = nullptr  - Libcurl will use whatever was configured at build time.
LogInit:  - MaxHostConnections = 16  - Libcurl will limit the number of connections to a host
LogInit:  - LocalHostAddr = Default
LogInit: WinSock: version 1.1 (2.2), MaxSocks=32767, MaxUdp=65467
LogInit: WinSock: I am C-02486 (10.9.70.127:0)
LogInit: Build: ++UE4+Release-4.19-CL-4033788
LogInit: Engine Version: 4.19.2-4033788+++UE4+Release-4.19
LogInit: Compatible Engine Version: 4.19.0-3944462+++UE4+Release-4.19
LogInit: Net CL: 3944462
LogDevObjectVersion: Number of dev versions registered: 18
LogDevObjectVersion:   Dev-Blueprints (B0D832E4-1F89-4F0D-ACCF-7EB736FD4AA2): 10
LogDevObjectVersion:   Dev-Build (E1C64328-A22C-4D53-A36C-8E866417BD8C): 0
LogDevObjectVersion:   Dev-Core (375EC13C-06E4-48FB-B500-84F0262A717E): 2
LogDevObjectVersion:   Dev-Editor (E4B068ED-F494-42E9-A231-DA0B2E46BB41): 23
LogDevObjectVersion:   Dev-Framework (CFFC743F-43B0-4480-9391-14DF171D2073): 33
LogDevObjectVersion:   Dev-Mobile (B02B49B5-BB20-44E9-A304-32B752E40360): 2
LogDevObjectVersion:   Dev-Networking (A4E4105C-59A1-49B5-A7C5-40C4547EDFEE): 0
LogDevObjectVersion:   Dev-Online (39C831C9-5AE6-47DC-9A44-9C173E1C8E7C): 0
LogDevObjectVersion:   Dev-Physics (78F01B33-EBEA-4F98-B9B4-84EACCB95AA2): 0
LogDevObjectVersion:   Dev-Platform (6631380F-2D4D-43E0-8009-CF276956A95A): 0
LogDevObjectVersion:   Dev-Rendering (12F88B9F-8875-4AFC-A67C-D90C383ABD29): 25
LogDevObjectVersion:   Dev-Sequencer (7B5AE74C-D270-4C10-A958-57980B212A5A): 6
LogDevObjectVersion:   Dev-VR (D7296918-1DD6-4BDD-9DE2-64A83CC13884): 1
LogDevObjectVersion:   Dev-LoadTimes (C2A15278-BFE7-4AFE-6C17-90FF531DF755): 1
LogDevObjectVersion:   Private-Geometry (6EACA3D4-40EC-4CC1-B786-8BED09428FC5): 2
LogDevObjectVersion:   Dev-AnimPhys (29E575DD-E0A3-4627-9D10-D276232CDCEA): 16
LogDevObjectVersion:   Dev-ReflectionCapture (6B266CEC-1EC7-4B8F-A30B-E4D90942FC07): 1
LogDevObjectVersion:   Dev-Automation (0DF73D61-A23F-47EA-B727-89E90C41499A): 1
LogInit: Compiled (64-bit): Apr 27 2018 02:06:57
LogInit: Compiled with Visual C++: 19.00.24215.01
LogInit: Build Configuration: Development
LogInit: Branch Name: ++UE4+Release-4.19
LogInit: Command Line:  /Game/Maps/Start_End_Levels/StartScreen -game -PIEVIACONSOLE -ResX=1280 -ResY=720  -Multiprocess -messaging -SessionName="Play in Standalone Game" -windowed 
LogInit: Base Directory: C:/Program Files/Epic Games/UE_4.19/Engine/Binaries/Win64/
LogInit: Installed Engine Build: 1
LogStreaming: Display: Took  0.005s to delete old logs.
LogInit: Presizing for max 8388607 objects, including 0 objects not considered by GC, pre-allocating 0 bytes for permanent pool.
LogInit: Object subsystem initialized
[2018.11.30-10.10.03:226][  0]LogInit: Selected Device Profile: [Windows]
[2018.11.30-10.10.03:226][  0]LogInit: Applying CVar settings loaded from the selected device profile: [Windows]
[2018.11.30-10.10.03:237][  0]LogInit: Computer: C-02486
[2018.11.30-10.10.03:237][  0]LogInit: User: 1701456
[2018.11.30-10.10.03:237][  0]LogInit: CPU Page size=4096, Cores=6
[2018.11.30-10.10.03:237][  0]LogInit: High frequency timer resolution =3.507502 MHz
[2018.11.30-10.10.03:238][  0]LogMemory: Memory total: Physical=31.9GB (32GB approx)
[2018.11.30-10.10.03:238][  0]LogMemory: Platform Memory Stats for Windows
[2018.11.30-10.10.03:238][  0]LogMemory: Process Physical Memory: 278.02 MB used, 278.02 MB peak
[2018.11.30-10.10.03:238][  0]LogMemory: Process Virtual Memory: 273.46 MB used, 273.46 MB peak
[2018.11.30-10.10.03:238][  0]LogMemory: Physical Memory: 8520.41 MB used,  24169.68 MB free, 32690.09 MB total
[2018.11.30-10.10.03:238][  0]LogMemory: Virtual Memory: 703.27 MB used,  24169.68 MB free, 134217728.00 MB total
[2018.11.30-10.10.03:272][  0]LogInit: Using OS detected language (en-GB).
[2018.11.30-10.10.03:272][  0]LogInit: Using OS detected locale (en-GB).
[2018.11.30-10.10.03:272][  0]LogTextLocalizationManager: No localization for 'en-GB' exists, so 'en' will be used for the language.
[2018.11.30-10.10.03:272][  0]LogTextLocalizationManager: No localization for 'en-GB' exists, so 'en' will be used for the locale.
[2018.11.30-10.10.03:714][  0]LogStreaming: Display: Took  0.442s to EndInitTextLocalization.
[2018.11.30-10.10.03:741][  0]LogSlate: New Slate User Created.  User Index 0, Is Virtual User: 0
[2018.11.30-10.10.03:741][  0]LogSlate: Slate User Registered.  User Index 0, Is Virtual User: 0
[2018.11.30-10.10.03:745][  0]LogD3D11RHI: D3D11 adapters:
[2018.11.30-10.10.03:796][  0]LogD3D11RHI:    0. 'NVIDIA GeForce GTX 1080' (Feature Level 11_0)
[2018.11.30-10.10.03:796][  0]LogD3D11RHI:       8086/0/16345 MB DedicatedVideo/DedicatedSystem/SharedSystem, Outputs:1, VendorId:0x10de
[2018.11.30-10.10.03:799][  0]LogD3D11RHI:    1. 'Microsoft Basic Render Driver' (Feature Level 11_0)
[2018.11.30-10.10.03:799][  0]LogD3D11RHI:       0/0/16345 MB DedicatedVideo/DedicatedSystem/SharedSystem, Outputs:0, VendorId:0x1414
[2018.11.30-10.10.03:799][  0]LogD3D11RHI: Chosen D3D11 Adapter: 0
[2018.11.30-10.10.03:807][  0]LogD3D11RHI: Creating new Direct3DDevice
[2018.11.30-10.10.03:807][  0]LogD3D11RHI:     GPU DeviceId: 0x1b80 (for the marketing name, search the web for "GPU Device Id")
[2018.11.30-10.10.03:807][  0]LogWindows: EnumDisplayDevices:
[2018.11.30-10.10.03:807][  0]LogWindows:    0. 'NVIDIA GeForce GTX 1080' (P:1 D:1)
[2018.11.30-10.10.03:807][  0]LogWindows:    1. 'NVIDIA GeForce GTX 1080' (P:0 D:0)
[2018.11.30-10.10.03:808][  0]LogWindows:    2. 'NVIDIA GeForce GTX 1080' (P:0 D:0)
[2018.11.30-10.10.03:808][  0]LogWindows:    3. 'NVIDIA GeForce GTX 1080' (P:0 D:0)
[2018.11.30-10.10.03:808][  0]LogWindows: DebugString: GetVideoDriverDetailsInvalid PrimaryIsNotTheChoosenAdapter GetVideoDriverDetailsInvalid PrimaryIsNotTheChoosenAdapter GetVideoDriverDetailsInvalid PrimaryIsNotTheChoosenAdapter GetVideoDriverDetailsInvalid PrimaryIsNotTheChoosenAdapter FoundDriverCount:0 
[2018.11.30-10.10.03:808][  0]LogD3D11RHI:     Adapter Name: NVIDIA GeForce GTX 1080
[2018.11.30-10.10.03:808][  0]LogD3D11RHI:   Driver Version: Unknown (internal:Unknown, unified:Unknown)
[2018.11.30-10.10.03:808][  0]LogD3D11RHI:      Driver Date: Unknown
[2018.11.30-10.10.03:808][  0]LogRHI: Texture pool is 5660 MB (70% of 8086 MB)
[2018.11.30-10.10.03:849][  0]LogD3D11RHI: [Aftermath] Aftermath enabled but failed to initialize
[2018.11.30-10.10.03:849][  0]LogD3D11RHI: [Aftermath] Aftermath enabled and primed
[2018.11.30-10.10.03:849][  0]LogD3D11RHI: Async texture creation enabled
[2018.11.30-10.10.03:861][  0]LogD3D11RHI: GPU Timing Frequency: 1000.000000 (Debug: 2 1)
[2018.11.30-10.10.03:905][  0]LogShaderCompilers: Guid format shader working directory is -4 characters bigger than the processId version (../../../../../../Users/1701456/Desktop/TheStruggle/Intermediate/Shaders/WorkingDirectory/13324/).
[2018.11.30-10.10.03:905][  0]LogShaderCompilers: Cleaned the shader compiler working directory 'C:/Users/1701456/AppData/Local/Temp/UnrealShaderWorkingDir/1D56FF0F4383893D6992C482564A5C92/'.
[2018.11.30-10.10.04:264][  0]LogTemp: Display: Loaded TP WindowsClientTargetPlatform
[2018.11.30-10.10.04:278][  0]LogTemp: Display: Loaded TP WindowsNoEditorTargetPlatform
[2018.11.30-10.10.04:292][  0]LogTemp: Display: Loaded TP WindowsServerTargetPlatform
[2018.11.30-10.10.04:307][  0]LogTemp: Display: Loaded TP WindowsTargetPlatform
[2018.11.30-10.10.04:307][  0]LogTargetPlatformManager: Display: Building Assets For Windows
[2018.11.30-10.10.04:475][  0]LogXGEController: Cannot use XGE Controller as Incredibuild is not installed on this machine.
[2018.11.30-10.10.04:475][  0]LogShaderCompilers: Cannot use XGE Shader Compiler as Incredibuild is not installed on this machine.
[2018.11.30-10.10.04:475][  0]LogShaderCompilers: Display: Using Local Shader Compiler.
[2018.11.30-10.10.05:299][  0]LogDerivedDataCache: Display: Max Cache Size: 512 MB
[2018.11.30-10.10.05:380][  0]LogDerivedDataCache: Loaded boot cache 0.08s 74MB C:/Users/1701456/AppData/Local/UnrealEngine/4.19/DerivedDataCache/Boot.ddc.
[2018.11.30-10.10.05:380][  0]LogDerivedDataCache: Display: Loaded Boot cache: C:/Users/1701456/AppData/Local/UnrealEngine/4.19/DerivedDataCache/Boot.ddc
[2018.11.30-10.10.05:380][  0]LogDerivedDataCache: FDerivedDataBackendGraph:  Pak pak cache file ../../../../../../Users/1701456/Desktop/TheStruggle/DerivedDataCache/DDC.ddp not found, will not use a pak cache.
[2018.11.30-10.10.05:380][  0]LogDerivedDataCache: Unable to find inner node Pak for hierarchical cache Hierarchy.
[2018.11.30-10.10.05:380][  0]LogDerivedDataCache: FDerivedDataBackendGraph:  CompressedPak pak cache file ../../../../../../Users/1701456/Desktop/TheStruggle/DerivedDataCache/Compressed.ddp not found, will not use a pak cache.
[2018.11.30-10.10.05:380][  0]LogDerivedDataCache: Unable to find inner node CompressedPak for hierarchical cache Hierarchy.
[2018.11.30-10.10.05:395][  0]LogDerivedDataCache: Display: Pak cache opened for reading ../../../Engine/DerivedDataCache/Compressed.ddp.
[2018.11.30-10.10.05:408][  0]LogDerivedDataCache: Using Local data cache path C:/Users/1701456/AppData/Local/UnrealEngine/Common/DerivedDataCache: Writable
[2018.11.30-10.10.05:408][  0]LogDerivedDataCache: Shared data cache path not found in *engine.ini, will not use an Shared cache.
[2018.11.30-10.10.05:408][  0]LogDerivedDataCache: Unable to find inner node Shared for hierarchical cache Hierarchy.
[2018.11.30-10.10.05:419][  0]LogMaterial: Verifying Global Shaders for PCD3D_SM5
[2018.11.30-10.10.05:419][  0]LogSlate: Using Freetype 2.6.0
[2018.11.30-10.10.05:421][  0]LogSlate: SlateFontCache - WITH_FREETYPE: 1, WITH_HARFBUZZ: 1
[2018.11.30-10.10.05:421][  0]LogSlate: SlateFontCache - WITH_FREETYPE: 1, WITH_HARFBUZZ: 1
[2018.11.30-10.10.05:613][  0]LogAssetRegistry: FAssetRegistry took 0.0046 seconds to start up
[2018.11.30-10.10.05:788][  0]LogPackageLocalizationCache: Processed 9 localized package path(s) for 1 prioritized culture(s) in 0.006488 seconds
[2018.11.30-10.10.05:913][  0]LogInit: Selected Device Profile: [Windows]
[2018.11.30-10.10.06:070][  0]LogSimplygon: Simplygon DLL not present - disabling.
[2018.11.30-10.10.06:073][  0]LogMeshReduction: Using SimplygonSwarm for distributed automatic mesh merging
[2018.11.30-10.10.06:073][  0]LogMeshReduction: Using QuadricMeshReduction for automatic static mesh reduction
[2018.11.30-10.10.06:073][  0]LogMeshReduction: No automatic skeletal mesh reduction module available
[2018.11.30-10.10.06:073][  0]LogMeshReduction: No automatic mesh merging module available
[2018.11.30-10.10.06:073][  0]LogMeshMerging: No automatic mesh merging module available
[2018.11.30-10.10.06:118][  0]LogNetVersion: MyProject , NetCL: 3944462, EngineNetVer: 2, GameNetVer: 0 (Checksum: 2475486345)
[2018.11.30-10.10.06:880][  0]LogMoviePlayer: Initializing movie player
[2018.11.30-10.10.07:295][  0]LogTcpMessaging: Initializing TcpMessaging bridge
[2018.11.30-10.10.07:357][  0]LogUdpMessaging: Initializing bridge on interface 0.0.0.0:0 to multicast group 230.0.0.1:6666.
[2018.11.30-10.10.07:720][  0]SourceControl: Source control is disabled
[2018.11.30-10.10.07:720][  0]SourceControl: Source control is disabled
[2018.11.30-10.10.07:751][  0]SourceControl: Source control is disabled
[2018.11.30-10.10.08:419][  0]LogAndroidPermission: UAndroidPermissionCallbackProxy::GetInstance
[2018.11.30-10.10.08:727][  0]LogOcInput: OculusInput pre-init called
[2018.11.30-10.10.08:812][  0]LogUObjectArray: 40124 objects as part of root set at end of initial load.
[2018.11.30-10.10.08:812][  0]LogUObjectAllocator: 8364208 out of 0 bytes used by permanent object pool.
[2018.11.30-10.10.08:812][  0]LogUObjectArray: CloseDisregardForGC: 0/0 objects in disregard for GC pool
[2018.11.30-10.10.08:889][  0]LogEngine: Initializing Engine...
[2018.11.30-10.10.08:891][  0]LogHMD: Failed to initialize OpenVR with code 110
[2018.11.30-10.10.08:903][  0]LogStats: UGameplayTagsManager::ConstructGameplayTagTree: Construct from data asset -  0.000 s
[2018.11.30-10.10.08:903][  0]LogStats: UGameplayTagsManager::ConstructGameplayTagTree: GameplayTagTreeChangedEvent.Broadcast -  0.000 s
[2018.11.30-10.10.09:094][  0]LogInit: XAudio2 using 'Speakers / Headphones (Realtek Audio)' : 2 channels at 48 kHz using 32 bits per sample (channel mask 0x3)
[2018.11.30-10.10.09:124][  0]LogInit: FAudioDevice initialized.
[2018.11.30-10.10.09:146][  0]LogInit: Texture streaming: Enabled
[2018.11.30-10.10.09:292][  0]LogInit: Display: Game Engine Initialized.
[2018.11.30-10.10.09:292][  0]LogGameplayTags: Display: UGameplayTagsManager::DoneAddingNativeTags. DelegateIsBound: 0
[2018.11.30-10.10.09:292][  0]LogStats: UGameplayTagsManager::ConstructGameplayTagTree: Construct from data asset -  0.000 s
[2018.11.30-10.10.09:292][  0]LogStats: UGameplayTagsManager::ConstructGameplayTagTree: GameplayTagTreeChangedEvent.Broadcast -  0.000 s
[2018.11.30-10.10.09:475][  0]LogInit: Display: Starting Game.
[2018.11.30-10.10.09:475][  0]LogNet: Browse: /Game/Maps/Start_End_Levels/StartScreen?Name=Player
[2018.11.30-10.10.09:477][  0]LogLoad: LoadMap: /Game/Maps/Start_End_Levels/StartScreen?Name=Player
[2018.11.30-10.10.09:493][  0]LogUObjectGlobals: Created PersistentFrame Addr=0x0000012c6b927d00, Size=48, Default__StartScreen_C Function /Game/Maps/Start_End_Levels/StartScreen.StartScreen_C:ExecuteUbergraph_StartScreen
[2018.11.30-10.10.09:499][  0]LogUObjectGlobals: Destroyed PersistentFrame Addr=0x0000012c6b927d00, Size=48
[2018.11.30-10.10.09:499][  0]LogUObjectGlobals: Created PersistentFrame Addr=0x0000012c6b927d00, Size=48, Default__StartScreen_C Function /Engine/Transient.REINST_StartScreen_C_3:ExecuteUbergraph_StartScreen
[2018.11.30-10.10.09:500][  0]LogUObjectGlobals: Created PersistentFrame Addr=0x0000012c6b927820, Size=48, Default__StartScreen_C Function /Game/Maps/Start_End_Levels/StartScreen.StartScreen_C:ExecuteUbergraph_StartScreen
[2018.11.30-10.10.09:525][  0]LogAIModule: Creating AISystem for world StartScreen
[2018.11.30-10.10.09:533][  0]LogUObjectGlobals: Created PersistentFrame Addr=0x0000012c5ac8b900, Size=792, Default__TwinStickPawn_C Function /Game/Blueprints/Player/TwinStickPawn.TwinStickPawn_C:ExecuteUbergraph_TwinStickPawn
[2018.11.30-10.10.09:536][  0]LogUObjectGlobals: Created PersistentFrame Addr=0x0000012c6ae48100, Size=1048, Default__TwinStickProjectile_C Function /Game/Blueprints/Player/TwinStickProjectile.TwinStickProjectile_C:ExecuteUbergraph_TwinStickProjectile
[2018.11.30-10.10.09:539][  0]LogUObjectGlobals: Created PersistentFrame Addr=0x0000012c734fb400, Size=656, Default__BP_Bon_Jovi_C Function /Game/Blueprints/Enemy/BP_Bon_Jovi.BP_Bon_Jovi_C:ExecuteUbergraph_BP_Bon_Jovi
[2018.11.30-10.10.09:562][  0]LogUObjectGlobals: Created PersistentFrame Addr=0x0000012c734f8400, Size=672, Default__BP_Bona_Lisa_C Function /Game/Blueprints/Enemy/BP_Bona_Lisa.BP_Bona_Lisa_C:ExecuteUbergraph_BP_Bona_Lisa
[2018.11.30-10.10.09:569][  0]LogUObjectGlobals: Created PersistentFrame Addr=0x0000012c734bd440, Size=448, Default__BP_Enemy_AI_C Function /Game/Blueprints/Enemy/BP_Enemy_AI.BP_Enemy_AI_C:ExecuteUbergraph_BP_Enemy_AI
[2018.11.30-10.10.09:591][  0]LogUObjectGlobals: Created PersistentFrame Addr=0x0000012c7370d900, Size=664, Default__BP_Malaria_C Function /Game/Blueprints/Enemy/BP_Malaria.BP_Malaria_C:ExecuteUbergraph_BP_Malaria
[2018.11.30-10.10.09:624][  0]LogUObjectGlobals: Destroyed PersistentFrame Addr=0x0000012c6ae48100, Size=1048
[2018.11.30-10.10.09:624][  0]LogUObjectGlobals: Created PersistentFrame Addr=0x0000012c683d8f00, Size=1048, Default__TwinStickProjectile_C Function /Engine/Transient.REINST_TwinStickProjectile_C_6:ExecuteUbergraph_TwinStickProjectile
[2018.11.30-10.10.09:624][  0]LogUObjectGlobals: Destroyed PersistentFrame Addr=0x0000012c5ac8b900, Size=792
[2018.11.30-10.10.09:624][  0]LogUObjectGlobals: Created PersistentFrame Addr=0x0000012c683b2080, Size=792, Default__TwinStickPawn_C Function /Engine/Transient.REINST_TwinStickPawn_C_7:ExecuteUbergraph_TwinStickPawn
[2018.11.30-10.10.09:625][  0]LogUObjectGlobals: Destroyed PersistentFrame Addr=0x0000012c734fb400, Size=656
[2018.11.30-10.10.09:625][  0]LogUObjectGlobals: Created PersistentFrame Addr=0x0000012c684f2200, Size=656, Default__BP_Bon_Jovi_C Function /Engine/Transient.REINST_BP_Bon_Jovi_C_8:ExecuteUbergraph_BP_Bon_Jovi
[2018.11.30-10.10.09:625][  0]LogUObjectGlobals: Destroyed PersistentFrame Addr=0x0000012c734f8400, Size=672
[2018.11.30-10.10.09:625][  0]LogUObjectGlobals: Created PersistentFrame Addr=0x0000012c684f1000, Size=672, Default__BP_Bona_Lisa_C Function /Engine/Transient.REINST_BP_Bona_Lisa_C_9:ExecuteUbergraph_BP_Bona_Lisa
[2018.11.30-10.10.09:626][  0]LogUObjectGlobals: Destroyed PersistentFrame Addr=0x0000012c734bd440, Size=448
[2018.11.30-10.10.09:626][  0]LogUObjectGlobals: Created PersistentFrame Addr=0x0000012c685173c0, Size=448, Default__BP_Enemy_AI_C Function /Engine/Transient.REINST_BP_Enemy_AI_C_10:ExecuteUbergraph_BP_Enemy_AI
[2018.11.30-10.10.09:626][  0]LogUObjectGlobals: Destroyed PersistentFrame Addr=0x0000012c7370d900, Size=664
[2018.11.30-10.10.09:626][  0]LogUObjectGlobals: Created PersistentFrame Addr=0x0000012c734fb400, Size=664, Default__BP_Malaria_C Function /Engine/Transient.REINST_BP_Malaria_C_11:ExecuteUbergraph_BP_Malaria
[2018.11.30-10.10.09:658][  0]LogUObjectGlobals: Created PersistentFrame Addr=0x0000012c73ad5600, Size=1048, Default__TwinStickProjectile_C Function /Game/Blueprints/Player/TwinStickProjectile.TwinStickProjectile_C:ExecuteUbergraph_TwinStickProjectile
[2018.11.30-10.10.09:662][  0]LogUObjectGlobals: Created PersistentFrame Addr=0x0000012c73ade400, Size=792, Default__TwinStickPawn_C Function /Game/Blueprints/Player/TwinStickPawn.TwinStickPawn_C:ExecuteUbergraph_TwinStickPawn
[2018.11.30-10.10.09:663][  0]LogUObjectGlobals: Created PersistentFrame Addr=0x0000012c739f7a00, Size=656, Default__BP_Bon_Jovi_C Function /Game/Blueprints/Enemy/BP_Bon_Jovi.BP_Bon_Jovi_C:ExecuteUbergraph_BP_Bon_Jovi
[2018.11.30-10.10.09:665][  0]LogUObjectGlobals: Created PersistentFrame Addr=0x0000012c739f7100, Size=672, Default__BP_Bona_Lisa_C Function /Game/Blueprints/Enemy/BP_Bona_Lisa.BP_Bona_Lisa_C:ExecuteUbergraph_BP_Bona_Lisa
[2018.11.30-10.10.09:667][  0]LogUObjectGlobals: Created PersistentFrame Addr=0x0000012c739c7800, Size=464, Default__BP_Enemy_AI_C Function /Game/Blueprints/Enemy/BP_Enemy_AI.BP_Enemy_AI_C:ExecuteUbergraph_BP_Enemy_AI
[2018.11.30-10.10.09:668][  0]LogUObjectGlobals: Created PersistentFrame Addr=0x0000012c739f5c00, Size=664, Default__BP_Malaria_C Function /Game/Blueprints/Enemy/BP_Malaria.BP_Malaria_C:ExecuteUbergraph_BP_Malaria
[2018.11.30-10.10.09:712][  0]LogLoad: Game class is 'TwinStickGameMode_C'
[2018.11.30-10.10.09:716][  0]LogWorld: Bringing World /Game/Maps/Start_End_Levels/StartScreen.StartScreen up for play (max tick rate 0) at 2018.11.30-10.10.09
[2018.11.30-10.10.09:716][  0]LogWorld: Bringing up level for play took: 0.001318
[2018.11.30-10.10.09:720][  0]LogLoad: Took 0.242928 seconds to LoadMap(/Game/Maps/Start_End_Levels/StartScreen)
[2018.11.30-10.10.09:772][  0]LogLoad: (Engine Initialization) Total time: 10.06 seconds
[2018.11.30-10.10.09:772][  0]LogLoad: (Engine Initialization) Total Blueprint compile time: 0.00 seconds
[2018.11.30-10.10.09:812][  0]LogRenderer: Reallocating scene render targets to support 1280x720 Format 10 NumSamples 1 (Frame:1).
[2018.11.30-10.10.09:860][  0]LogWindowsTextInputMethodSystem: Display: IME system now deactivated.
[2018.11.30-10.10.09:866][  0]LogContentStreaming: Texture pool size now 1000 MB
[2018.11.30-10.10.09:998][  1]LogPackageName: Warning: Found ambiguous long package name for 'Level_01.umap'. Returning '/Game/Maps/Level_01', but could also be '/Game/Maps/NormalLevels/Level_01'.
[2018.11.30-10.10.09:998][  1]LogPackageName: Warning: Found ambiguous long package name for 'Level_01.umap'. Returning '/Game/Maps/Level_01', but could also be '/Game/TwinStickBP/Maps/Level_01'.
[2018.11.30-10.10.09:998][  1]LogPackageName: SearchForPackageOnDisk took   0.085s to resolve Level_01.umap.
[2018.11.30-10.10.10:104][  2]LogPackageName: Warning: Found ambiguous long package name for 'Level_01.umap'. Returning '/Game/Maps/Level_01', but could also be '/Game/Maps/NormalLevels/Level_01'.
[2018.11.30-10.10.10:104][  2]LogPackageName: Warning: Found ambiguous long package name for 'Level_01.umap'. Returning '/Game/Maps/Level_01', but could also be '/Game/TwinStickBP/Maps/Level_01'.
[2018.11.30-10.10.10:104][  2]LogPackageName: SearchForPackageOnDisk took   0.104s to resolve Level_01.umap.
[2018.11.30-10.10.10:104][  2]LogNet: Browse: /Game/Maps/Level_01
[2018.11.30-10.10.10:104][  2]LogLoad: LoadMap: /Game/Maps/Level_01
[2018.11.30-10.10.10:128][  2]LogUObjectGlobals: Destroyed PersistentFrame Addr=0x0000012c6b927d00, Size=48
[2018.11.30-10.10.10:128][  2]LogUObjectGlobals: Destroyed PersistentFrame Addr=0x0000012c6b927820, Size=48
[2018.11.30-10.10.10:129][  2]LogUObjectGlobals: Destroyed PersistentFrame Addr=0x0000012c683b2080, Size=792
[2018.11.30-10.10.10:129][  2]LogUObjectGlobals: Destroyed PersistentFrame Addr=0x0000012c683d8f00, Size=1048
[2018.11.30-10.10.10:129][  2]LogUObjectGlobals: Destroyed PersistentFrame Addr=0x0000012c684f2200, Size=656
[2018.11.30-10.10.10:129][  2]LogUObjectGlobals: Destroyed PersistentFrame Addr=0x0000012c684f1000, Size=672
[2018.11.30-10.10.10:129][  2]LogUObjectGlobals: Destroyed PersistentFrame Addr=0x0000012c685173c0, Size=448
[2018.11.30-10.10.10:129][  2]LogUObjectGlobals: Destroyed PersistentFrame Addr=0x0000012c734fb400, Size=664
[2018.11.30-10.10.10:130][  2]LogUObjectGlobals: Destroyed PersistentFrame Addr=0x0000012c73ad5600, Size=1048
[2018.11.30-10.10.10:130][  2]LogUObjectGlobals: Destroyed PersistentFrame Addr=0x0000012c73ade400, Size=792
[2018.11.30-10.10.10:130][  2]LogUObjectGlobals: Destroyed PersistentFrame Addr=0x0000012c739f7a00, Size=656
[2018.11.30-10.10.10:130][  2]LogUObjectGlobals: Destroyed PersistentFrame Addr=0x0000012c739f7100, Size=672
[2018.11.30-10.10.10:130][  2]LogUObjectGlobals: Destroyed PersistentFrame Addr=0x0000012c739c7800, Size=464
[2018.11.30-10.10.10:130][  2]LogUObjectGlobals: Destroyed PersistentFrame Addr=0x0000012c739f5c00, Size=664
[2018.11.30-10.10.10:135][  2]LogNet: Browse: /Game/Maps/NormalLevels/Level_01?Name=Player
[2018.11.30-10.10.10:135][  2]LogLoad: LoadMap: /Game/Maps/NormalLevels/Level_01?Name=Player
[2018.11.30-10.10.10:160][  2]LogUObjectGlobals: Created PersistentFrame Addr=0x0000012c7773f120, Size=216, Default__Level_01_C Function /Game/Maps/NormalLevels/Level_01.Level_01_C:ExecuteUbergraph_Level_01
[2018.11.30-10.10.10:163][  2]LogUObjectGlobals: Created PersistentFrame Addr=0x0000012c73a54d00, Size=672, Default__BP_Bona_Lisa_C Function /Game/Blueprints/Enemy/BP_Bona_Lisa.BP_Bona_Lisa_C:ExecuteUbergraph_BP_Bona_Lisa
[2018.11.30-10.10.10:166][  2]LogUObjectGlobals: Created PersistentFrame Addr=0x0000012c777dd980, Size=792, Default__TwinStickPawn_C Function /Game/Blueprints/Player/TwinStickPawn.TwinStickPawn_C:ExecuteUbergraph_TwinStickPawn
[2018.11.30-10.10.10:168][  2]LogUObjectGlobals: Created PersistentFrame Addr=0x0000012c683beb00, Size=1048, Default__TwinStickProjectile_C Function /Game/Blueprints/Player/TwinStickProjectile.TwinStickProjectile_C:ExecuteUbergraph_TwinStickProjectile
[2018.11.30-10.10.10:170][  2]LogUObjectGlobals: Created PersistentFrame Addr=0x0000012c73a56b00, Size=656, Default__BP_Bon_Jovi_C Function /Game/Blueprints/Enemy/BP_Bon_Jovi.BP_Bon_Jovi_C:ExecuteUbergraph_BP_Bon_Jovi
[2018.11.30-10.10.10:194][  2]LogUObjectGlobals: Created PersistentFrame Addr=0x0000012c73abbc80, Size=448, Default__BP_Enemy_AI_C Function /Game/Blueprints/Enemy/BP_Enemy_AI.BP_Enemy_AI_C:ExecuteUbergraph_BP_Enemy_AI
[2018.11.30-10.10.10:215][  2]LogUObjectGlobals: Created PersistentFrame Addr=0x0000012c73ac7a00, Size=664, Default__BP_Malaria_C Function /Game/Blueprints/Enemy/BP_Malaria.BP_Malaria_C:ExecuteUbergraph_BP_Malaria
[2018.11.30-10.10.10:235][  2]LogUObjectGlobals: Created PersistentFrame Addr=0x0000012c6b64d1c0, Size=136, Default__BP_EnemySpawner_C Function /Game/Blueprints/Enemy/BP_EnemySpawner.BP_EnemySpawner_C:ExecuteUbergraph_BP_EnemySpawner
[2018.11.30-10.10.10:239][  2]LogUObjectGlobals: Created PersistentFrame Addr=0x0000012c6b5eeb00, Size=248, Default__gameOverlay_C Function /Game/Blueprints/Widgets/gameOverlay.gameOverlay_C:ExecuteUbergraph_gameOverlay
[2018.11.30-10.10.10:287][  2]LogUObjectGlobals: Created PersistentFrame Addr=0x0000012c6b608180, Size=288, Default__BP_WeaponSpawner_C Function /Game/Blueprints/Player/BP_WeaponSpawner.BP_WeaponSpawner_C:ExecuteUbergraph_BP_WeaponSpawner
[2018.11.30-10.10.10:289][  2]LogUObjectGlobals: Created PersistentFrame Addr=0x0000012c73a9a940, Size=208, Default__BP_Minigun_C Function /Game/Blueprints/Player/BP_Minigun.BP_Minigun_C:ExecuteUbergraph_BP_Minigun
[2018.11.30-10.10.10:294][  2]LogUObjectGlobals: Created PersistentFrame Addr=0x0000012c73a9bba0, Size=208, Default__BP_Shotgun_C Function /Game/Blueprints/Player/BP_Shotgun.BP_Shotgun_C:ExecuteUbergraph_BP_Shotgun
[2018.11.30-10.10.10:334][  2]LogUObjectGlobals: Destroyed PersistentFrame Addr=0x0000012c6b64d1c0, Size=136
[2018.11.30-10.10.10:334][  2]LogUObjectGlobals: Created PersistentFrame Addr=0x0000012c63803240, Size=136, Default__BP_EnemySpawner_C Function /Engine/Transient.REINST_BP_EnemySpawner_C_22:ExecuteUbergraph_BP_EnemySpawner
[2018.11.30-10.10.10:335][  2]LogUObjectGlobals: Destroyed PersistentFrame Addr=0x0000012c73a9a940, Size=208
[2018.11.30-10.10.10:335][  2]LogUObjectGlobals: Created PersistentFrame Addr=0x0000012c65570b80, Size=208, Default__BP_Minigun_C Function /Engine/Transient.REINST_BP_Minigun_C_23:ExecuteUbergraph_BP_Minigun
[2018.11.30-10.10.10:335][  2]LogUObjectGlobals: Destroyed PersistentFrame Addr=0x0000012c73a9bba0, Size=208
[2018.11.30-10.10.10:335][  2]LogUObjectGlobals: Created PersistentFrame Addr=0x0000012c65570640, Size=208, Default__BP_Shotgun_C Function /Engine/Transient.REINST_BP_Shotgun_C_24:ExecuteUbergraph_BP_Shotgun
[2018.11.30-10.10.10:335][  2]LogUObjectGlobals: Destroyed PersistentFrame Addr=0x0000012c6b608180, Size=288
[2018.11.30-10.10.10:335][  2]LogUObjectGlobals: Created PersistentFrame Addr=0x0000012c73f06d40, Size=288, Default__BP_WeaponSpawner_C Function /Engine/Transient.REINST_BP_WeaponSpawner_C_26:ExecuteUbergraph_BP_WeaponSpawner
[2018.11.30-10.10.10:336][  2]LogUObjectGlobals: Destroyed PersistentFrame Addr=0x0000012c683beb00, Size=1048
[2018.11.30-10.10.10:336][  2]LogUObjectGlobals: Created PersistentFrame Addr=0x0000012c394e0100, Size=1048, Default__TwinStickProjectile_C Function /Engine/Transient.REINST_TwinStickProjectile_C_27:ExecuteUbergraph_TwinStickProjectile
[2018.11.30-10.10.10:337][  2]LogUObjectGlobals: Destroyed PersistentFrame Addr=0x0000012c777dd980, Size=792
[2018.11.30-10.10.10:337][  2]LogUObjectGlobals: Created PersistentFrame Addr=0x0000012c6b625600, Size=792, Default__TwinStickPawn_C Function /Engine/Transient.REINST_TwinStickPawn_C_28:ExecuteUbergraph_TwinStickPawn
[2018.11.30-10.10.10:338][  2]LogUObjectGlobals: Destroyed PersistentFrame Addr=0x0000012c73a56b00, Size=656
[2018.11.30-10.10.10:338][  2]LogUObjectGlobals: Created PersistentFrame Addr=0x0000012c7370c100, Size=656, Default__BP_Bon_Jovi_C Function /Engine/Transient.REINST_BP_Bon_Jovi_C_29:ExecuteUbergraph_BP_Bon_Jovi
[2018.11.30-10.10.10:339][  2]LogUObjectGlobals: Destroyed PersistentFrame Addr=0x0000012c73a54d00, Size=672
[2018.11.30-10.10.10:339][  2]LogUObjectGlobals: Created PersistentFrame Addr=0x0000012c7370eb00, Size=672, Default__BP_Bona_Lisa_C Function /Engine/Transient.REINST_BP_Bona_Lisa_C_30:ExecuteUbergraph_BP_Bona_Lisa
[2018.11.30-10.10.10:341][  2]LogUObjectGlobals: Destroyed PersistentFrame Addr=0x0000012c73abbc80, Size=448
[2018.11.30-10.10.10:341][  2]LogUObjectGlobals: Created PersistentFrame Addr=0x0000012c63313e40, Size=448, Default__BP_Enemy_AI_C Function /Engine/Transient.REINST_BP_Enemy_AI_C_31:ExecuteUbergraph_BP_Enemy_AI
[2018.11.30-10.10.10:342][  2]LogUObjectGlobals: Destroyed PersistentFrame Addr=0x0000012c73ac7a00, Size=664
[2018.11.30-10.10.10:342][  2]LogUObjectGlobals: Created PersistentFrame Addr=0x0000012c68639c00, Size=664, Default__BP_Malaria_C Function /Engine/Transient.REINST_BP_Malaria_C_32:ExecuteUbergraph_BP_Malaria
[2018.11.30-10.10.10:343][  2]LogUObjectGlobals: Destroyed PersistentFrame Addr=0x0000012c6b5eeb00, Size=248
[2018.11.30-10.10.10:343][  2]LogUObjectGlobals: Created PersistentFrame Addr=0x0000012c73b9e700, Size=248, Default__gameOverlay_C Function /Engine/Transient.REINST_gameOverlay_C_0:ExecuteUbergraph_gameOverlay
[2018.11.30-10.10.10:389][  2]LogUObjectGlobals: Created PersistentFrame Addr=0x0000012c5af45e40, Size=136, Default__BP_EnemySpawner_C Function /Game/Blueprints/Enemy/BP_EnemySpawner.BP_EnemySpawner_C:ExecuteUbergraph_BP_EnemySpawner
[2018.11.30-10.10.10:390][  2]LogUObjectGlobals: Created PersistentFrame Addr=0x0000012c5af041e0, Size=208, Default__BP_Minigun_C Function /Game/Blueprints/Player/BP_Minigun.BP_Minigun_C:ExecuteUbergraph_BP_Minigun
[2018.11.30-10.10.10:390][  2]LogUObjectGlobals: Created PersistentFrame Addr=0x0000012c01bcff20, Size=208, Default__BP_Shotgun_C Function /Game/Blueprints/Player/BP_Shotgun.BP_Shotgun_C:ExecuteUbergraph_BP_Shotgun
[2018.11.30-10.10.10:392][  2]LogUObjectGlobals: Created PersistentFrame Addr=0x0000012c5af4f9c0, Size=288, Default__BP_WeaponSpawner_C Function /Game/Blueprints/Player/BP_WeaponSpawner.BP_WeaponSpawner_C:ExecuteUbergraph_BP_WeaponSpawner
[2018.11.30-10.10.10:394][  2]LogUObjectGlobals: Created PersistentFrame Addr=0x0000012c01b7f200, Size=1048, Default__TwinStickProjectile_C Function /Game/Blueprints/Player/TwinStickProjectile.TwinStickProjectile_C:ExecuteUbergraph_TwinStickProjectile
[2018.11.30-10.10.10:397][  2]LogUObjectGlobals: Created PersistentFrame Addr=0x0000012c01b66e80, Size=792, Default__TwinStickPawn_C Function /Game/Blueprints/Player/TwinStickPawn.TwinStickPawn_C:ExecuteUbergraph_TwinStickPawn
[2018.11.30-10.10.10:399][  2]LogUObjectGlobals: Created PersistentFrame Addr=0x0000012c01b37100, Size=656, Default__BP_Bon_Jovi_C Function /Game/Blueprints/Enemy/BP_Bon_Jovi.BP_Bon_Jovi_C:ExecuteUbergraph_BP_Bon_Jovi
[2018.11.30-10.10.10:401][  2]LogUObjectGlobals: Created PersistentFrame Addr=0x0000012c01b36500, Size=672, Default__BP_Bona_Lisa_C Function /Game/Blueprints/Enemy/BP_Bona_Lisa.BP_Bona_Lisa_C:ExecuteUbergraph_BP_Bona_Lisa
[2018.11.30-10.10.10:403][  2]LogUObjectGlobals: Created PersistentFrame Addr=0x0000012c01bca600, Size=464, Default__BP_Enemy_AI_C Function /Game/Blueprints/Enemy/BP_Enemy_AI.BP_Enemy_AI_C:ExecuteUbergraph_BP_Enemy_AI
[2018.11.30-10.10.10:404][  2]LogUObjectGlobals: Created PersistentFrame Addr=0x0000012c01b34d00, Size=664, Default__BP_Malaria_C Function /Game/Blueprints/Enemy/BP_Malaria.BP_Malaria_C:ExecuteUbergraph_BP_Malaria
[2018.11.30-10.10.10:406][  2]LogUObjectGlobals: Created PersistentFrame Addr=0x0000012c01a6f200, Size=248, Default__gameOverlay_C Function /Game/Blueprints/Widgets/gameOverlay.gameOverlay_C:ExecuteUbergraph_gameOverlay
[2018.11.30-10.10.10:436][  2]LogUObjectGlobals: Destroyed PersistentFrame Addr=0x0000012c7773f120, Size=216
[2018.11.30-10.10.10:436][  2]LogUObjectGlobals: Created PersistentFrame Addr=0x0000012c01bcd280, Size=216, Default__Level_01_C Function /Engine/Transient.REINST_Level_01_C_48:ExecuteUbergraph_Level_01
[2018.11.30-10.10.10:443][  2]LogUObjectGlobals: Created PersistentFrame Addr=0x0000012c6331b040, Size=200, Default__Level_01_C Function /Game/Maps/NormalLevels/Level_01.Level_01_C:ExecuteUbergraph_Level_01
[2018.11.30-10.10.10:524][  2]LogTexture: Display: Building textures: RadialMask (AutoDXT, 512X512)
[2018.11.30-10.10.11:303][  2]LogTexture: Display: Building textures: RadialGradient (AutoDXT, 8192X8192)
[2018.11.30-10.10.20:484][  2]LogTexture: Display: Building textures: Mini_gun__1_ (AutoDXT, 64X64)
[2018.11.30-10.10.20:508][  2]LogTexture: Display: Building textures: Gun_shotgun__1_ (AutoDXT, 64X64)
[2018.11.30-10.10.20:513][  2]LogTexture: Display: Building textures: level_CryptLowered (BGRA8, 480X270)
[2018.11.30-10.10.20:535][  2]LogTexture: Display: Building textures: HQ_Lightmap1_1 (AutoDXT, 256X256)
[2018.11.30-10.10.20:550][  2]LogTexture: Display: Building textures: HQ_Lightmap1_2 (AutoDXT, 64X64)
[2018.11.30-10.10.20:551][  2]LogTexture: Display: Building textures: LQ_Lightmap_1_1 (DXT1, 256X256)
[2018.11.30-10.10.20:560][  2]LogTexture: Display: Building textures: LQ_Lightmap_1_2 (DXT1, 64X64)
[2018.11.30-10.10.20:563][  2]LogTexture: Display: Building textures: SkyOcclusion1_1 (AutoDXT, 256X128)
[2018.11.30-10.10.20:582][  2]LogTexture: Display: Building textures: SkyOcclusion1_2 (AutoDXT, 64X32)
[2018.11.30-10.10.20:588][  2]LogTexture: Display: Building textures: ShadowMapTexture2D_0 (G8, 512X64)
[2018.11.30-10.10.20:589][  2]LogTexture: Display: Building textures: ShadowMapTexture2D_1 (G8, 32X32)
[2018.11.30-10.10.20:598][  2]LogMaterial: Missing cached shader map for material M_RadialDial, compiling. 
[2018.11.30-10.10.20:635][  2]LogAudioDerivedData: Display: Building compressed audio format OGG wave MinigunPickupSound...
[2018.11.30-10.10.20:653][  2]LogShaderCompilers: Display: Shaders left to compile 25
[2018.11.30-10.10.20:653][  2]LogShaderCompilers: Display: Shaders left to compile 15
[2018.11.30-10.10.20:653][  2]LogShaderCompilers: Display: Shaders left to compile 5
[2018.11.30-10.10.20:653][  2]LogAudioDerivedData: Display: Building compressed audio format OGG wave ShotgunPickupSound...
[2018.11.30-10.10.20:691][  2]LogAIModule: Creating AISystem for world Level_01
[2018.11.30-10.10.20:691][  2]LogLoad: Game class is 'TwinStickGameMode_C'
[2018.11.30-10.10.20:705][  2]LogWorld: Bringing World /Game/Maps/NormalLevels/Level_01.Level_01 up for play (max tick rate 0) at 2018.11.30-10.10.20
[2018.11.30-10.10.20:711][  2]LogWorld: Bringing up level for play took: 0.019762
[2018.11.30-10.10.20:718][  2]LogLoad: Took 10.581614 seconds to LoadMap(/Game/Maps/NormalLevels/Level_01)
[2018.11.30-10.10.20:718][  2]LogNet: Warning: Travel Failure: [ClientTravelFailure]: Failed to load package '/Game/Maps/Level_01'
[2018.11.30-10.10.20:718][  2]LogNet: TravelFailure: ClientTravelFailure, Reason for Failure: 'Failed to load package '/Game/Maps/Level_01''
[2018.11.30-10.10.20:728][  2]LogSlate: Took 0.000431 seconds to synchronously load lazily loaded font '../../../Engine/Content/Slate/Fonts/Roboto-Regular.ttf' (155K)
[2018.11.30-10.10.20:828][  3]LogSlate: FSceneViewport::OnFocusLost() reason 2
[2018.11.30-10.10.20:834][  3]LogNet: Browse: /Game/Maps/NormalLevels/Level_01?closed
[2018.11.30-10.10.20:834][  3]LogNet: Failed; returning to Entry
[2018.11.30-10.10.20:837][  3]LogLoad: LoadMap: /Game/Maps/NormalLevels/Level_01?closed
[2018.11.30-10.10.20:856][  3]LogUObjectGlobals: Destroyed PersistentFrame Addr=0x0000012c65570640, Size=208
[2018.11.30-10.10.20:856][  3]LogUObjectGlobals: Destroyed PersistentFrame Addr=0x0000012c65570b80, Size=208
[2018.11.30-10.10.20:856][  3]LogUObjectGlobals: Destroyed PersistentFrame Addr=0x0000012c73f06d40, Size=288
[2018.11.30-10.10.20:856][  3]LogUObjectGlobals: Destroyed PersistentFrame Addr=0x0000012c73b9e700, Size=248
[2018.11.30-10.10.20:856][  3]LogUObjectGlobals: Destroyed PersistentFrame Addr=0x0000012c63803240, Size=136
[2018.11.30-10.10.20:856][  3]LogUObjectGlobals: Destroyed PersistentFrame Addr=0x0000012c68639c00, Size=664
[2018.11.30-10.10.20:856][  3]LogUObjectGlobals: Destroyed PersistentFrame Addr=0x0000012c63313e40, Size=448
[2018.11.30-10.10.20:856][  3]LogUObjectGlobals: Destroyed PersistentFrame Addr=0x0000012c7370c100, Size=656
[2018.11.30-10.10.20:856][  3]LogUObjectGlobals: Destroyed PersistentFrame Addr=0x0000012c394e0100, Size=1048
[2018.11.30-10.10.20:857][  3]LogUObjectGlobals: Destroyed PersistentFrame Addr=0x0000012c6b625600, Size=792
[2018.11.30-10.10.20:857][  3]LogUObjectGlobals: Destroyed PersistentFrame Addr=0x0000012c7370eb00, Size=672
[2018.11.30-10.10.20:857][  3]LogUObjectGlobals: Destroyed PersistentFrame Addr=0x0000012c01bcd280, Size=216
[2018.11.30-10.10.20:857][  3]LogUObjectGlobals: Destroyed PersistentFrame Addr=0x0000012c5af45e40, Size=136
[2018.11.30-10.10.20:857][  3]LogUObjectGlobals: Destroyed PersistentFrame Addr=0x0000012c5af041e0, Size=208
[2018.11.30-10.10.20:857][  3]LogUObjectGlobals: Destroyed PersistentFrame Addr=0x0000012c01bcff20, Size=208
[2018.11.30-10.10.20:857][  3]LogUObjectGlobals: Destroyed PersistentFrame Addr=0x0000012c5af4f9c0, Size=288
[2018.11.30-10.10.20:857][  3]LogUObjectGlobals: Destroyed PersistentFrame Addr=0x0000012c01b7f200, Size=1048
[2018.11.30-10.10.20:857][  3]LogUObjectGlobals: Destroyed PersistentFrame Addr=0x0000012c01b66e80, Size=792
[2018.11.30-10.10.20:857][  3]LogUObjectGlobals: Destroyed PersistentFrame Addr=0x0000012c01b37100, Size=656
[2018.11.30-10.10.20:857][  3]LogUObjectGlobals: Destroyed PersistentFrame Addr=0x0000012c01b36500, Size=672
[2018.11.30-10.10.20:857][  3]LogUObjectGlobals: Destroyed PersistentFrame Addr=0x0000012c01bca600, Size=464
[2018.11.30-10.10.20:857][  3]LogUObjectGlobals: Destroyed PersistentFrame Addr=0x0000012c01b34d00, Size=664
[2018.11.30-10.10.20:857][  3]LogUObjectGlobals: Destroyed PersistentFrame Addr=0x0000012c01a6f200, Size=248
[2018.11.30-10.10.20:857][  3]LogUObjectGlobals: Destroyed PersistentFrame Addr=0x0000012c6331b040, Size=200
[2018.11.30-10.10.20:880][  3]LogUObjectGlobals: Created PersistentFrame Addr=0x0000012c02f71b40, Size=216, Default__Level_01_C Function /Game/Maps/NormalLevels/Level_01.Level_01_C:ExecuteUbergraph_Level_01
[2018.11.30-10.10.20:883][  3]LogUObjectGlobals: Created PersistentFrame Addr=0x0000012c0331df00, Size=672, Default__BP_Bona_Lisa_C Function /Game/Blueprints/Enemy/BP_Bona_Lisa.BP_Bona_Lisa_C:ExecuteUbergraph_BP_Bona_Lisa
[2018.11.30-10.10.20:886][  3]LogUObjectGlobals: Created PersistentFrame Addr=0x0000012c03f71280, Size=792, Default__TwinStickPawn_C Function /Game/Blueprints/Player/TwinStickPawn.TwinStickPawn_C:ExecuteUbergraph_TwinStickPawn
[2018.11.30-10.10.20:888][  3]LogUObjectGlobals: Created PersistentFrame Addr=0x0000012c0329c100, Size=1048, Default__TwinStickProjectile_C Function /Game/Blueprints/Player/TwinStickProjectile.TwinStickProjectile_C:ExecuteUbergraph_TwinStickProjectile
[2018.11.30-10.10.20:891][  3]LogUObjectGlobals: Created PersistentFrame Addr=0x0000012c0331f400, Size=656, Default__BP_Bon_Jovi_C Function /Game/Blueprints/Enemy/BP_Bon_Jovi.BP_Bon_Jovi_C:ExecuteUbergraph_BP_Bon_Jovi
[2018.11.30-10.10.20:922][  3]LogUObjectGlobals: Created PersistentFrame Addr=0x0000012c6b949600, Size=448, Default__BP_Enemy_AI_C Function /Game/Blueprints/Enemy/BP_Enemy_AI.BP_Enemy_AI_C:ExecuteUbergraph_BP_Enemy_AI
[2018.11.30-10.10.20:943][  3]LogUObjectGlobals: Created PersistentFrame Addr=0x0000012c0335b400, Size=664, Default__BP_Malaria_C Function /Game/Blueprints/Enemy/BP_Malaria.BP_Malaria_C:ExecuteUbergraph_BP_Malaria
[2018.11.30-10.10.20:963][  3]LogUObjectGlobals: Created PersistentFrame Addr=0x0000012c5ae107c0, Size=136, Default__BP_EnemySpawner_C Function /Game/Blueprints/Enemy/BP_EnemySpawner.BP_EnemySpawner_C:ExecuteUbergraph_BP_EnemySpawner
[2018.11.30-10.10.20:967][  3]LogUObjectGlobals: Created PersistentFrame Addr=0x0000012c01b41600, Size=248, Default__gameOverlay_C Function /Game/Blueprints/Widgets/gameOverlay.gameOverlay_C:ExecuteUbergraph_gameOverlay
[2018.11.30-10.10.21:014][  3]LogUObjectGlobals: Created PersistentFrame Addr=0x0000012c73f04680, Size=288, Default__BP_WeaponSpawner_C Function /Game/Blueprints/Player/BP_WeaponSpawner.BP_WeaponSpawner_C:ExecuteUbergraph_BP_WeaponSpawner
[2018.11.30-10.10.21:015][  3]LogUObjectGlobals: Created PersistentFrame Addr=0x0000012c6b61e940, Size=208, Default__BP_Minigun_C Function /Game/Blueprints/Player/BP_Minigun.BP_Minigun_C:ExecuteUbergraph_BP_Minigun
[2018.11.30-10.10.21:019][  3]LogUObjectGlobals: Created PersistentFrame Addr=0x0000012c73a99ec0, Size=208, Default__BP_Shotgun_C Function /Game/Blueprints/Player/BP_Shotgun.BP_Shotgun_C:ExecuteUbergraph_BP_Shotgun
[2018.11.30-10.10.21:057][  3]LogUObjectGlobals: Destroyed PersistentFrame Addr=0x0000012c5ae107c0, Size=136
[2018.11.30-10.10.21:057][  3]LogUObjectGlobals: Created PersistentFrame Addr=0x0000012c01abaca0, Size=136, Default__BP_EnemySpawner_C Function /Engine/Transient.REINST_BP_EnemySpawner_C_51:ExecuteUbergraph_BP_EnemySpawner
[2018.11.30-10.10.21:057][  3]LogUObjectGlobals: Destroyed PersistentFrame Addr=0x0000012c6b61e940, Size=208
[2018.11.30-10.10.21:057][  3]LogUObjectGlobals: Created PersistentFrame Addr=0x0000012c63319440, Size=208, Default__BP_Minigun_C Function /Engine/Transient.REINST_BP_Minigun_C_52:ExecuteUbergraph_BP_Minigun
[2018.11.30-10.10.21:057][  3]LogUObjectGlobals: Destroyed PersistentFrame Addr=0x0000012c73a99ec0, Size=208
[2018.11.30-10.10.21:057][  3]LogUObjectGlobals: Created PersistentFrame Addr=0x0000012c633188e0, Size=208, Default__BP_Shotgun_C Function /Engine/Transient.REINST_BP_Shotgun_C_53:ExecuteUbergraph_BP_Shotgun
[2018.11.30-10.10.21:058][  3]LogUObjectGlobals: Destroyed PersistentFrame Addr=0x0000012c73f04680, Size=288
[2018.11.30-10.10.21:058][  3]LogUObjectGlobals: Created PersistentFrame Addr=0x0000012c5af4fc40, Size=288, Default__BP_WeaponSpawner_C Function /Engine/Transient.REINST_BP_WeaponSpawner_C_55:ExecuteUbergraph_BP_WeaponSpawner
[2018.11.30-10.10.21:058][  3]LogUObjectGlobals: Destroyed PersistentFrame Addr=0x0000012c0329c100, Size=1048
[2018.11.30-10.10.21:058][  3]LogUObjectGlobals: Created PersistentFrame Addr=0x0000012c6ae34800, Size=1048, Default__TwinStickProjectile_C Function /Engine/Transient.REINST_TwinStickProjectile_C_56:ExecuteUbergraph_TwinStickProjectile
[2018.11.30-10.10.21:059][  3]LogUObjectGlobals: Destroyed PersistentFrame Addr=0x0000012c03f71280, Size=792
[2018.11.30-10.10.21:059][  3]LogUObjectGlobals: Created PersistentFrame Addr=0x0000012c033dcb80, Size=792, Default__TwinStickPawn_C Function /Engine/Transient.REINST_TwinStickPawn_C_57:ExecuteUbergraph_TwinStickPawn
[2018.11.30-10.10.21:060][  3]LogUObjectGlobals: Destroyed PersistentFrame Addr=0x0000012c0331f400, Size=656
[2018.11.30-10.10.21:060][  3]LogUObjectGlobals: Created PersistentFrame Addr=0x0000012c684f0100, Size=656, Default__BP_Bon_Jovi_C Function /Engine/Transient.REINST_BP_Bon_Jovi_C_58:ExecuteUbergraph_BP_Bon_Jovi
[2018.11.30-10.10.21:060][  3]LogUObjectGlobals: Destroyed PersistentFrame Addr=0x0000012c0331df00, Size=672
[2018.11.30-10.10.21:060][  3]LogUObjectGlobals: Created PersistentFrame Addr=0x0000012c684f1c00, Size=672, Default__BP_Bona_Lisa_C Function /Engine/Transient.REINST_BP_Bona_Lisa_C_59:ExecuteUbergraph_BP_Bona_Lisa
[2018.11.30-10.10.21:060][  3]LogUObjectGlobals: Destroyed PersistentFrame Addr=0x0000012c6b949600, Size=448
[2018.11.30-10.10.21:060][  3]LogUObjectGlobals: Created PersistentFrame Addr=0x0000012c01c733c0, Size=448, Default__BP_Enemy_AI_C Function /Engine/Transient.REINST_BP_Enemy_AI_C_60:ExecuteUbergraph_BP_Enemy_AI
[2018.11.30-10.10.21:061][  3]LogUObjectGlobals: Destroyed PersistentFrame Addr=0x0000012c0335b400, Size=664
[2018.11.30-10.10.21:061][  3]LogUObjectGlobals: Created PersistentFrame Addr=0x0000012c684f2800, Size=664, Default__BP_Malaria_C Function /Engine/Transient.REINST_BP_Malaria_C_61:ExecuteUbergraph_BP_Malaria
[2018.11.30-10.10.21:061][  3]LogUObjectGlobals: Destroyed PersistentFrame Addr=0x0000012c01b41600, Size=248
[2018.11.30-10.10.21:061][  3]LogUObjectGlobals: Created PersistentFrame Addr=0x0000012c73ae0800, Size=248, Default__gameOverlay_C Function /Engine/Transient.REINST_gameOverlay_C_1:ExecuteUbergraph_gameOverlay
[2018.11.30-10.10.21:113][  3]LogUObjectGlobals: Created PersistentFrame Addr=0x0000012c035b63e0, Size=136, Default__BP_EnemySpawner_C Function /Game/Blueprints/Enemy/BP_EnemySpawner.BP_EnemySpawner_C:ExecuteUbergraph_BP_EnemySpawner
[2018.11.30-10.10.21:113][  3]LogUObjectGlobals: Created PersistentFrame Addr=0x0000012c035ce6a0, Size=208, Default__BP_Minigun_C Function /Game/Blueprints/Player/BP_Minigun.BP_Minigun_C:ExecuteUbergraph_BP_Minigun
[2018.11.30-10.10.21:114][  3]LogUObjectGlobals: Created PersistentFrame Addr=0x0000012c035ce5c0, Size=208, Default__BP_Shotgun_C Function /Game/Blueprints/Player/BP_Shotgun.BP_Shotgun_C:ExecuteUbergraph_BP_Shotgun
[2018.11.30-10.10.21:118][  3]LogUObjectGlobals: Created PersistentFrame Addr=0x0000012c73a74540, Size=288, Default__BP_WeaponSpawner_C Function /Game/Blueprints/Player/BP_WeaponSpawner.BP_WeaponSpawner_C:ExecuteUbergraph_BP_WeaponSpawner
[2018.11.30-10.10.21:120][  3]LogUObjectGlobals: Created PersistentFrame Addr=0x0000012c03385d00, Size=1048, Default__TwinStickProjectile_C Function /Game/Blueprints/Player/TwinStickProjectile.TwinStickProjectile_C:ExecuteUbergraph_TwinStickProjectile
[2018.11.30-10.10.21:123][  3]LogUObjectGlobals: Created PersistentFrame Addr=0x0000012c73986400, Size=792, Default__TwinStickPawn_C Function /Game/Blueprints/Player/TwinStickPawn.TwinStickPawn_C:ExecuteUbergraph_TwinStickPawn
[2018.11.30-10.10.21:125][  3]LogUObjectGlobals: Created PersistentFrame Addr=0x0000012c73ac5c00, Size=656, Default__BP_Bon_Jovi_C Function /Game/Blueprints/Enemy/BP_Bon_Jovi.BP_Bon_Jovi_C:ExecuteUbergraph_BP_Bon_Jovi
[2018.11.30-10.10.21:127][  3]LogUObjectGlobals: Created PersistentFrame Addr=0x0000012c73ac6200, Size=672, Default__BP_Bona_Lisa_C Function /Game/Blueprints/Enemy/BP_Bona_Lisa.BP_Bona_Lisa_C:ExecuteUbergraph_BP_Bona_Lisa
[2018.11.30-10.10.21:129][  3]LogUObjectGlobals: Created PersistentFrame Addr=0x0000012c68626a00, Size=464, Default__BP_Enemy_AI_C Function /Game/Blueprints/Enemy/BP_Enemy_AI.BP_Enemy_AI_C:ExecuteUbergraph_BP_Enemy_AI
[2018.11.30-10.10.21:131][  3]LogUObjectGlobals: Created PersistentFrame Addr=0x0000012c73ac7100, Size=664, Default__BP_Malaria_C Function /Game/Blueprints/Enemy/BP_Malaria.BP_Malaria_C:ExecuteUbergraph_BP_Malaria
[2018.11.30-10.10.21:132][  3]LogUObjectGlobals: Created PersistentFrame Addr=0x0000012c0347ca00, Size=248, Default__gameOverlay_C Function /Game/Blueprints/Widgets/gameOverlay.gameOverlay_C:ExecuteUbergraph_gameOverlay
[2018.11.30-10.10.21:159][  3]LogUObjectGlobals: Destroyed PersistentFrame Addr=0x0000012c02f71b40, Size=216
[2018.11.30-10.10.21:159][  3]LogUObjectGlobals: Created PersistentFrame Addr=0x0000012c035cc3a0, Size=216, Default__Level_01_C Function /Engine/Transient.REINST_Level_01_C_77:ExecuteUbergraph_Level_01
[2018.11.30-10.10.21:166][  3]LogUObjectGlobals: Created PersistentFrame Addr=0x0000012c034874a0, Size=200, Default__Level_01_C Function /Game/Maps/NormalLevels/Level_01.Level_01_C:ExecuteUbergraph_Level_01
[2018.11.30-10.10.21:273][  3]LogAIModule: Creating AISystem for world Level_01
[2018.11.30-10.10.21:273][  3]LogLoad: Game class is 'TwinStickGameMode_C'
[2018.11.30-10.10.21:280][  3]LogWorld: Bringing World /Game/Maps/NormalLevels/Level_01.Level_01 up for play (max tick rate 0) at 2018.11.30-10.10.21
[2018.11.30-10.10.21:281][  3]LogWorld: Bringing up level for play took: 0.007506
[2018.11.30-10.10.21:283][  3]LogLoad: Took 0.446321 seconds to LoadMap(/Game/Maps/NormalLevels/Level_01)
[2018.11.30-10.10.21:293][  3]LogUObjectGlobals: Destroyed PersistentFrame Addr=0x0000012c633188e0, Size=208
[2018.11.30-10.10.21:293][  3]LogUObjectGlobals: Destroyed PersistentFrame Addr=0x0000012c63319440, Size=208
[2018.11.30-10.10.21:293][  3]LogUObjectGlobals: Destroyed PersistentFrame Addr=0x0000012c5af4fc40, Size=288
[2018.11.30-10.10.21:293][  3]LogUObjectGlobals: Destroyed PersistentFrame Addr=0x0000012c73ae0800, Size=248
[2018.11.30-10.10.21:293][  3]LogUObjectGlobals: Destroyed PersistentFrame Addr=0x0000012c01abaca0, Size=136
[2018.11.30-10.10.21:293][  3]LogUObjectGlobals: Destroyed PersistentFrame Addr=0x0000012c684f2800, Size=664
[2018.11.30-10.10.21:293][  3]LogUObjectGlobals: Destroyed PersistentFrame Addr=0x0000012c01c733c0, Size=448
[2018.11.30-10.10.21:293][  3]LogUObjectGlobals: Destroyed PersistentFrame Addr=0x0000012c684f0100, Size=656
[2018.11.30-10.10.21:293][  3]LogUObjectGlobals: Destroyed PersistentFrame Addr=0x0000012c6ae34800, Size=1048
[2018.11.30-10.10.21:293][  3]LogUObjectGlobals: Destroyed PersistentFrame Addr=0x0000012c033dcb80, Size=792
[2018.11.30-10.10.21:293][  3]LogUObjectGlobals: Destroyed PersistentFrame Addr=0x0000012c684f1c00, Size=672
[2018.11.30-10.10.21:293][  3]LogUObjectGlobals: Destroyed PersistentFrame Addr=0x0000012c035cc3a0, Size=216
[2018.11.30-10.10.26:270][308]LogSlate: Window 'MyProject (64-bit, PCD3D_SM5) ' being destroyed
[2018.11.30-10.10.26:271][308]LogWindowsTextInputMethodSystem: Display: IME system now deactivated.
[2018.11.30-10.10.26:273][308]LogEngine: All Windows Closed
[2018.11.30-10.10.26:273][308]LogWindows: FPlatformMisc::RequestExit(0)
[2018.11.30-10.10.26:905][309]LogSlate: Slate User Destroyed.  User Index 0, Is Virtual User: 0
[2018.11.30-10.10.26:905][309]LogExit: Preparing to exit.
[2018.11.30-10.10.26:905][309]LogMoviePlayer: Shutting down movie player
[2018.11.30-10.10.27:404][309]LogExit: Game engine shut down
[2018.11.30-10.10.27:407][309]LogUObjectGlobals: Destroyed PersistentFrame Addr=0x0000012c034874a0, Size=200
[2018.11.30-10.10.27:407][309]LogUObjectGlobals: Destroyed PersistentFrame Addr=0x0000012c0347ca00, Size=248
[2018.11.30-10.10.27:407][309]LogUObjectGlobals: Destroyed PersistentFrame Addr=0x0000012c73ac7100, Size=664
[2018.11.30-10.10.27:407][309]LogUObjectGlobals: Destroyed PersistentFrame Addr=0x0000012c68626a00, Size=464
[2018.11.30-10.10.27:407][309]LogUObjectGlobals: Destroyed PersistentFrame Addr=0x0000012c73ac6200, Size=672
[2018.11.30-10.10.27:407][309]LogUObjectGlobals: Destroyed PersistentFrame Addr=0x0000012c73ac5c00, Size=656
[2018.11.30-10.10.27:407][309]LogUObjectGlobals: Destroyed PersistentFrame Addr=0x0000012c73986400, Size=792
[2018.11.30-10.10.27:407][309]LogUObjectGlobals: Destroyed PersistentFrame Addr=0x0000012c03385d00, Size=1048
[2018.11.30-10.10.27:407][309]LogUObjectGlobals: Destroyed PersistentFrame Addr=0x0000012c73a74540, Size=288
[2018.11.30-10.10.27:407][309]LogUObjectGlobals: Destroyed PersistentFrame Addr=0x0000012c035ce5c0, Size=208
[2018.11.30-10.10.27:407][309]LogUObjectGlobals: Destroyed PersistentFrame Addr=0x0000012c035ce6a0, Size=208
[2018.11.30-10.10.27:407][309]LogUObjectGlobals: Destroyed PersistentFrame Addr=0x0000012c035b63e0, Size=136
[2018.11.30-10.10.27:461][309]LogExit: Object subsystem successfully closed.
[2018.11.30-10.10.27:476][309]LogShaderCompilers: Display: Shaders left to compile 0
[2018.11.30-10.10.27:480][309]LogD3D11RHI: Shutdown
[2018.11.30-10.10.27:480][309]LogD3D11RHI: CleanupD3DDevice
[2018.11.30-10.10.27:482][309]LogD3D11RHI: ~FD3D11DynamicRHI
[2018.11.30-10.10.27:499][309]LogModuleManager: Shutting down and abandoning module SequenceRecorderSections (332)
[2018.11.30-10.10.27:499][309]LogModuleManager: Shutting down and abandoning module SequenceRecorder (330)
[2018.11.30-10.10.27:499][309]LogModuleManager: Shutting down and abandoning module AutomationController (328)
[2018.11.30-10.10.27:499][309]LogModuleManager: Shutting down and abandoning module AutomationWorker (326)
[2018.11.30-10.10.27:499][309]LogModuleManager: Shutting down and abandoning module AIModule (324)
[2018.11.30-10.10.27:499][309]LogModuleManager: Shutting down and abandoning module GameplayDebugger (323)
[2018.11.30-10.10.27:499][309]LogModuleManager: Shutting down and abandoning module AITestSuite (321)
[2018.11.30-10.10.27:499][309]LogModuleManager: Shutting down and abandoning module WmfMediaFactory (318)
[2018.11.30-10.10.27:499][309]LogModuleManager: Shutting down and abandoning module OpenExrWrapper (316)
[2018.11.30-10.10.27:499][309]LogModuleManager: Shutting down and abandoning module ImgMediaFactory (314)
[2018.11.30-10.10.27:499][309]LogModuleManager: Shutting down and abandoning module AvfMediaFactory (312)
[2018.11.30-10.10.27:499][309]LogModuleManager: Shutting down and abandoning module CharacterAI (310)
[2018.11.30-10.10.27:499][309]LogModuleManager: Shutting down and abandoning module SessionServices (308)
[2018.11.30-10.10.27:499][309]LogModuleManager: Shutting down and abandoning module MovieSceneCapture (306)
[2018.11.30-10.10.27:499][309]LogModuleManager: Shutting down and abandoning module MovieSceneTracks (304)
[2018.11.30-10.10.27:499][309]LogModuleManager: Shutting down and abandoning module MovieScene (302)
[2018.11.30-10.10.27:499][309]LogModuleManager: Shutting down and abandoning module GeometryCache (300)
[2018.11.30-10.10.27:499][309]LogModuleManager: Shutting down and abandoning module GeometryCacheEd (299)
[2018.11.30-10.10.27:499][309]LogModuleManager: Shutting down and abandoning module StreamingPauseRendering (296)
[2018.11.30-10.10.27:499][309]LogModuleManager: Shutting down and abandoning module PortalServices (294)
[2018.11.30-10.10.27:499][309]LogModuleManager: Shutting down and abandoning module PortalRpc (292)
[2018.11.30-10.10.27:499][309]LogModuleManager: Shutting down and abandoning module MessagingRpc (290)
[2018.11.30-10.10.27:499][309]LogModuleManager: Shutting down and abandoning module ProfilerService (288)
[2018.11.30-10.10.27:603][309]LogModuleManager: Shutting down and abandoning module TaskGraph (286)
[2018.11.30-10.10.27:603][309]LogModuleManager: Shutting down and abandoning module SteamVRController (284)
[2018.11.30-10.10.27:603][309]LogModuleManager: Shutting down and abandoning module ProceduralMeshComponent (282)
[2018.11.30-10.10.27:603][309]LogModuleManager: Shutting down and abandoning module OculusInput (280)
[2018.11.30-10.10.27:603][309]LogModuleManager: Shutting down and abandoning module MobilePatchingUtils (278)
[2018.11.30-10.10.27:603][309]LogModuleManager: Shutting down and abandoning module CustomMeshComponent (276)
[2018.11.30-10.10.27:603][309]LogModuleManager: Shutting down and abandoning module CableComponent (274)
[2018.11.30-10.10.27:603][309]LogModuleManager: Shutting down and abandoning module AudioCapture (272)
[2018.11.30-10.10.27:603][309]LogModuleManager: Shutting down and abandoning module ArchVisCharacter (270)
[2018.11.30-10.10.27:603][309]LogModuleManager: Shutting down and abandoning module AndroidPermission (268)
[2018.11.30-10.10.27:603][309]LogModuleManager: Shutting down and abandoning module NUTUnrealEngine4 (264)
[2018.11.30-10.10.27:603][309]LogModuleManager: Shutting down and abandoning module NetcodeUnitTest (262)
[2018.11.30-10.10.27:604][309]LogModuleManager: Shutting down and abandoning module MediaCompositing (260)
[2018.11.30-10.10.27:604][309]LogModuleManager: Shutting down and abandoning module LinearTimecode (258)
[2018.11.30-10.10.27:604][309]LogModuleManager: Shutting down and abandoning module ImgMedia (256)
[2018.11.30-10.10.27:610][309]LogModuleManager: Shutting down and abandoning module HTML5Networking (254)
[2018.11.30-10.10.27:610][309]LogModuleManager: Shutting down and abandoning module DatasmithContent (252)
[2018.11.30-10.10.27:610][309]LogModuleManager: Shutting down and abandoning module CryptoKeysOpenSSL (250)
[2018.11.30-10.10.27:610][309]LogModuleManager: Shutting down and abandoning module CryptoKeys (248)
[2018.11.30-10.10.27:610][309]LogModuleManager: Shutting down and abandoning module VisualStudioSourceCodeAccess (246)
[2018.11.30-10.10.27:610][309]LogModuleManager: Shutting down and abandoning module HotReload (245)
[2018.11.30-10.10.27:610][309]LogModuleManager: Shutting down and abandoning module DirectoryWatcher (244)
[2018.11.30-10.10.27:610][309]LogModuleManager: Shutting down and abandoning module VisualStudioCodeSourceCodeAccess (240)
[2018.11.30-10.10.27:610][309]LogModuleManager: Shutting down and abandoning module UObjectPlugin (238)
[2018.11.30-10.10.27:610][309]LogModuleManager: Shutting down and abandoning module SubversionSourceControl (236)
[2018.11.30-10.10.27:610][309]LogModuleManager: Shutting down and abandoning module PerforceSourceControl (234)
[2018.11.30-10.10.27:611][309]LogModuleManager: Shutting down and abandoning module SourceControl (233)
[2018.11.30-10.10.27:611][309]LogModuleManager: Shutting down and abandoning module CLionSourceCodeAccess (230)
[2018.11.30-10.10.27:611][309]LogModuleManager: Shutting down and abandoning module RuntimePhysXCooking (228)
[2018.11.30-10.10.27:611][309]LogModuleManager: Shutting down and abandoning module PhysXVehiclesEditor (226)
[2018.11.30-10.10.27:611][309]LogModuleManager: Shutting down and abandoning module PhysXVehicles (224)
[2018.11.30-10.10.27:611][309]LogModuleManager: Shutting down and abandoning module LocationServicesBPLibrary (222)
[2018.11.30-10.10.27:611][309]LogModuleManager: Shutting down and abandoning module ImmediatePhysicsEditor (220)
[2018.11.30-10.10.27:611][309]LogModuleManager: Shutting down and abandoning module ImmediatePhysics (218)
[2018.11.30-10.10.27:611][309]LogModuleManager: Shutting down and abandoning module ActorSequence (216)
[2018.11.30-10.10.27:611][309]LogModuleManager: Shutting down and abandoning module UdpMessaging (214)
[2018.11.30-10.10.27:711][309]LogModuleManager: Shutting down and abandoning module TcpMessaging (212)
[2018.11.30-10.10.28:306][309]LogModuleManager: Shutting down and abandoning module GameplayTagsEditor (210)
[2018.11.30-10.10.28:306][309]LogModuleManager: Shutting down and abandoning module FacialAnimation (208)
[2018.11.30-10.10.28:307][309]LogModuleManager: Shutting down and abandoning module DataValidation (206)
[2018.11.30-10.10.28:307][309]LogModuleManager: Shutting down and abandoning module AssetManagerEditor (204)
[2018.11.30-10.10.28:307][309]LogModuleManager: Shutting down and abandoning module TreeMap (203)
[2018.11.30-10.10.28:307][309]LogModuleManager: Shutting down and abandoning module LightPropagationVolumeRuntime (200)
[2018.11.30-10.10.28:307][309]LogModuleManager: Shutting down and abandoning module LiveLink (198)
[2018.11.30-10.10.29:084][309]LogModuleManager: Shutting down and abandoning module Paper2D (196)
[2018.11.30-10.10.29:084][309]LogModuleManager: Shutting down and abandoning module PIEPreviewDeviceProfileSelector (194)
[2018.11.30-10.10.29:084][309]LogModuleManager: Shutting down and abandoning module WindowsMoviePlayer (192)
[2018.11.30-10.10.29:084][309]LogModuleManager: Shutting down and abandoning module WmfMedia (190)
[2018.11.30-10.10.29:085][309]LogModuleManager: Shutting down and abandoning module Media (189)
[2018.11.30-10.10.29:091][309]LogModuleManager: Shutting down and abandoning module PacketHandler (186)
[2018.11.30-10.10.29:091][309]LogModuleManager: Shutting down and abandoning module ClothingSystemEditor (184)
[2018.11.30-10.10.29:091][309]LogModuleManager: Shutting down and abandoning module ClothingSystemRuntime (182)
[2018.11.30-10.10.29:091][309]LogModuleManager: Shutting down and abandoning module MediaAssets (180)
[2018.11.30-10.10.29:091][309]LogModuleManager: Shutting down and abandoning module Overlay (178)
[2018.11.30-10.10.29:091][309]LogModuleManager: Shutting down and abandoning module OverlayEditor (177)
[2018.11.30-10.10.29:091][309]LogModuleManager: Shutting down and abandoning module VREditor (174)
[2018.11.30-10.10.29:091][309]LogModuleManager: Shutting down and abandoning module StringTableEditor (172)
[2018.11.30-10.10.29:091][309]LogModuleManager: Shutting down and abandoning module GameplayTasksEditor (170)
[2018.11.30-10.10.29:091][309]LogModuleManager: Shutting down and abandoning module BehaviorTreeEditor (168)
[2018.11.30-10.10.29:091][309]LogModuleManager: Shutting down and abandoning module FunctionalTesting (166)
[2018.11.30-10.10.29:091][309]LogModuleManager: Shutting down and abandoning module CollisionAnalyzer (164)
[2018.11.30-10.10.29:092][309]LogModuleManager: Shutting down and abandoning module WorkspaceMenuStructure (163)
[2018.11.30-10.10.29:092][309]LogModuleManager: Shutting down and abandoning module UMG (160)
[2018.11.30-10.10.29:092][309]LogModuleManager: Shutting down and abandoning module UMGEditor (159)
[2018.11.30-10.10.29:092][309]LogModuleManager: Shutting down and abandoning module Sequencer (158)
[2018.11.30-10.10.29:092][309]LogModuleManager: Shutting down and abandoning module MessageLog (155)
[2018.11.30-10.10.29:092][309]LogModuleManager: Shutting down and abandoning module SlateReflector (150)
[2018.11.30-10.10.29:092][309]LogModuleManager: Shutting down and abandoning module Slate (148)
[2018.11.30-10.10.29:092][309]LogModuleManager: Shutting down and abandoning module EditorStyle (146)
[2018.11.30-10.10.29:095][309]LogModuleManager: Shutting down and abandoning module MRMesh (144)
[2018.11.30-10.10.29:095][309]LogModuleManager: Shutting down and abandoning module Messaging (142)
[2018.11.30-10.10.29:095][309]LogModuleManager: Shutting down and abandoning module SourceCodeAccess (140)
[2018.11.30-10.10.29:095][309]LogModuleManager: Shutting down and abandoning module HeadMountedDisplay (138)
[2018.11.30-10.10.29:095][309]LogModuleManager: Shutting down and abandoning module XAudio2 (136)
[2018.11.30-10.10.29:095][309]LogModuleManager: Shutting down and abandoning module Networking (134)
[2018.11.30-10.10.29:095][309]LogModuleManager: Shutting down and abandoning module Core (132)
[2018.11.30-10.10.29:095][309]LogModuleManager: Shutting down and abandoning module LevelSequence (130)
[2018.11.30-10.10.29:095][309]LogModuleManager: Shutting down and abandoning module KismetCompiler (128)
[2018.11.30-10.10.29:095][309]LogModuleManager: Shutting down and abandoning module MeshUtilities (126)
[2018.11.30-10.10.29:095][309]LogModuleManager: Shutting down and abandoning module MeshMergeUtilities (125)
[2018.11.30-10.10.29:095][309]LogModuleManager: Shutting down and abandoning module MeshReductionInterface (124)
[2018.11.30-10.10.29:095][309]LogModuleManager: Shutting down and abandoning module SimplygonSwarm (123)
[2018.11.30-10.10.29:095][309]LogModuleManager: Shutting down and abandoning module SimplygonMeshReduction (121)
[2018.11.30-10.10.29:096][309]LogModuleManager: Shutting down and abandoning module QuadricMeshReduction (119)
[2018.11.30-10.10.29:096][309]LogModuleManager: Shutting down and abandoning module MaterialBaking (115)
[2018.11.30-10.10.29:096][309]LogModuleManager: Shutting down and abandoning module DerivedDataCache (110)
[2018.11.30-10.10.29:423][309]LogDerivedDataCache: Shutdown
[2018.11.30-10.10.29:423][309]LogModuleManager: Shutting down and abandoning module XGEController (108)
[2018.11.30-10.10.29:423][309]LogModuleManager: Shutting down and abandoning module TargetPlatform (106)
[2018.11.30-10.10.29:423][309]LogModuleManager: Shutting down and abandoning module VulkanShaderFormat (105)
[2018.11.30-10.10.29:423][309]LogModuleManager: Shutting down and abandoning module ShaderFormatVectorVM (103)
[2018.11.30-10.10.29:423][309]LogModuleManager: Shutting down and abandoning module ShaderFormatOpenGL (101)
[2018.11.30-10.10.29:423][309]LogModuleManager: Shutting down and abandoning module ShaderFormatD3D (99)
[2018.11.30-10.10.29:423][309]LogModuleManager: Shutting down and abandoning module MetalShaderFormat (97)
[2018.11.30-10.10.29:423][309]LogModuleManager: Shutting down and abandoning module TextureFormatUncompressed (95)
[2018.11.30-10.10.29:423][309]LogModuleManager: Shutting down and abandoning module TextureFormatPVR (93)
[2018.11.30-10.10.29:423][309]LogModuleManager: Shutting down and abandoning module TextureFormatDXT (91)
[2018.11.30-10.10.29:423][309]LogModuleManager: Shutting down and abandoning module TextureFormatIntelISPCTexComp (89)
[2018.11.30-10.10.29:423][309]LogModuleManager: Shutting down and abandoning module TextureFormatASTC (87)
[2018.11.30-10.10.29:423][309]LogModuleManager: Shutting down and abandoning module ImageWrapper (86)
[2018.11.30-10.10.29:423][309]LogModuleManager: Shutting down and abandoning module TextureFormatAndroid (83)
[2018.11.30-10.10.29:423][309]LogModuleManager: Shutting down and abandoning module AudioFormatOpus (81)
[2018.11.30-10.10.29:423][309]LogModuleManager: Shutting down and abandoning module AudioFormatOgg (79)
[2018.11.30-10.10.29:423][309]LogModuleManager: Shutting down and abandoning module AudioFormatADPCM (77)
[2018.11.30-10.10.29:423][309]LogModuleManager: Shutting down and abandoning module WindowsTargetPlatform (75)
[2018.11.30-10.10.29:423][309]LogModuleManager: Shutting down and abandoning module WindowsServerTargetPlatform (73)
[2018.11.30-10.10.29:423][309]LogModuleManager: Shutting down and abandoning module WindowsNoEditorTargetPlatform (71)
[2018.11.30-10.10.29:423][309]LogModuleManager: Shutting down and abandoning module WindowsClientTargetPlatform (69)
[2018.11.30-10.10.29:423][309]LogModuleManager: Shutting down and abandoning module InputCore (66)
[2018.11.30-10.10.29:423][309]LogModuleManager: Shutting down and abandoning module Settings (64)
[2018.11.30-10.10.29:423][309]LogModuleManager: Shutting down and abandoning module PhysXCooking (62)
[2018.11.30-10.10.29:423][309]LogModuleManager: Shutting down and abandoning module SteamVR (60)
[2018.11.30-10.10.29:423][309]LogModuleManager: Shutting down and abandoning module OculusHMD (58)
[2018.11.30-10.10.29:423][309]LogModuleManager: Shutting down and abandoning module ExampleDeviceProfileSelector (56)
[2018.11.30-10.10.29:423][309]LogModuleManager: Shutting down and abandoning module AppleARKit (54)
[2018.11.30-10.10.29:423][309]LogModuleManager: Shutting down and abandoning module AugmentedReality (51)
[2018.11.30-10.10.29:423][309]LogModuleManager: Shutting down and abandoning module OnlineBlueprintSupport (48)
[2018.11.30-10.10.29:423][309]LogModuleManager: Shutting down and abandoning module OnlineSubsystem (44)
[2018.11.30-10.10.29:423][309]LogModuleManager: Shutting down and abandoning module XMPP (43)
[2018.11.30-10.10.29:423][309]LogModuleManager: Shutting down and abandoning module HTTP (41)
[2018.11.30-10.10.29:450][309]LogModuleManager: Shutting down and abandoning module SSL (40)
[2018.11.30-10.10.29:452][309]LogModuleManager: Shutting down and abandoning module AnimationModifiers (36)
[2018.11.30-10.10.29:452][309]LogModuleManager: Shutting down and abandoning module PropertyEditor (35)
[2018.11.30-10.10.29:452][309]LogModuleManager: Shutting down and abandoning module AudioEditor (32)
[2018.11.30-10.10.29:452][309]LogModuleManager: Shutting down and abandoning module TextureCompressor (30)
[2018.11.30-10.10.29:452][309]LogModuleManager: Shutting down and abandoning module ShaderCore (28)
[2018.11.30-10.10.29:452][309]LogModuleManager: Shutting down and abandoning module Landscape (26)
[2018.11.30-10.10.29:452][309]LogModuleManager: Shutting down and abandoning module SlateRHIRenderer (24)
[2018.11.30-10.10.29:453][309]LogModuleManager: Shutting down and abandoning module OpenGLDrv (22)
[2018.11.30-10.10.29:453][309]LogModuleManager: Shutting down and abandoning module D3D11RHI (20)
[2018.11.30-10.10.29:453][309]LogModuleManager: Shutting down and abandoning module AnimGraphRuntime (18)
[2018.11.30-10.10.29:453][309]LogModuleManager: Shutting down and abandoning module Renderer (16)
[2018.11.30-10.10.29:453][309]LogModuleManager: Shutting down and abandoning module Engine (14)
[2018.11.30-10.10.29:453][309]LogModuleManager: Shutting down and abandoning module CoreUObject (12)
[2018.11.30-10.10.29:453][309]LogModuleManager: Shutting down and abandoning module NetworkFile (10)
[2018.11.30-10.10.29:453][309]LogModuleManager: Shutting down and abandoning module CookedIterativeFile (8)
[2018.11.30-10.10.29:453][309]LogModuleManager: Shutting down and abandoning module StreamingFile (6)
[2018.11.30-10.10.29:453][309]LogModuleManager: Shutting down and abandoning module SandboxFile (4)
[2018.11.30-10.10.29:453][309]LogModuleManager: Shutting down and abandoning module PakFile (2)
[2018.11.30-10.10.29:461][309]LogExit: Exiting.
[2018.11.30-10.10.29:463][309]Log file closed, 11/30/18 10:10:29
